<?xml version="1.0" encoding="UTF-8"?>
<!-- Generated by org.testng.reporters.JUnitXMLReporter -->
<testsuite hostname="TD247E-M011.local" ignored="0" name="Default test" tests="161" failures="7" timestamp="2019-12-25T16:35:53 EET" time="3883.131" errors="0">
  <testcase name="login" time="10.405" classname="englishArabic_TCs.ReadingsTCs"/>
  <testcase name="ShowAllReadingsCells" time="37.531" classname="englishArabic_TCs.ReadingsTCs"/>
  <testcase name="Add_Steps" time="18.831" classname="englishArabic_TCs.ReadingsTCs"/>
  <testcase name="Add_BloodSugar" time="0.006" classname="englishArabic_TCs.ReadingsTCs"/>
  <testcase name="Add_BloodSugar" time="0.001" classname="englishArabic_TCs.ReadingsTCs"/>
  <testcase name="Add_BloodSugar" time="0.002" classname="englishArabic_TCs.ReadingsTCs"/>
  <testcase name="Add_BloodSugar" time="0.001" classname="englishArabic_TCs.ReadingsTCs"/>
  <testcase name="Add_BloodSugar" time="0.001" classname="englishArabic_TCs.ReadingsTCs"/>
  <testcase name="Add_BloodSugar" time="0.004" classname="englishArabic_TCs.ReadingsTCs"/>
  <testcase name="Add_BloodSugar" time="0.001" classname="englishArabic_TCs.ReadingsTCs"/>
  <testcase name="Add_BloodSugar" time="0.002" classname="englishArabic_TCs.ReadingsTCs"/>
  <testcase name="Add_BloodSugar" time="0.001" classname="englishArabic_TCs.ReadingsTCs"/>
  <testcase name="Add_BloodSugar" time="0.001" classname="englishArabic_TCs.ReadingsTCs"/>
  <testcase name="Add_BloodSugar" time="0.002" classname="englishArabic_TCs.ReadingsTCs"/>
  <testcase name="Add_BloodSugar" time="0.001" classname="englishArabic_TCs.ReadingsTCs"/>
  <testcase name="Add_BloodSugar" time="21.796" classname="englishArabic_TCs.ReadingsTCs">
    <failure type="junit.framework.ComparisonFailure" message="expected:&amp;lt;Low&amp;gt; but was:&amp;lt;High&amp;gt;">
      <![CDATA[junit.framework.ComparisonFailure: expected:<Low> but was:<High>
at junit.framework.Assert.assertEquals(Assert.java:81)
at junit.framework.Assert.assertEquals(Assert.java:87)
at englishArabic_TCs.ReadingsTCs.Add_BloodSugar(ReadingsTCs.java:198)
at sun.reflect.NativeMethodAccessorImpl.invoke0(Native Method)
at sun.reflect.NativeMethodAccessorImpl.invoke(NativeMethodAccessorImpl.java:62)
at sun.reflect.DelegatingMethodAccessorImpl.invoke(DelegatingMethodAccessorImpl.java:43)
at java.lang.reflect.Method.invoke(Method.java:498)
at org.testng.internal.MethodInvocationHelper.invokeMethod(MethodInvocationHelper.java:133)
at org.testng.internal.TestInvoker.invokeMethod(TestInvoker.java:584)
at org.testng.internal.TestInvoker.invokeTestMethod(TestInvoker.java:172)
at org.testng.internal.MethodRunner.runInSequence(MethodRunner.java:46)
at org.testng.internal.TestInvoker$MethodInvocationAgent.invoke(TestInvoker.java:804)
at org.testng.internal.TestInvoker.invokeTestMethods(TestInvoker.java:145)
at org.testng.internal.TestMethodWorker.invokeTestMethods(TestMethodWorker.java:146)
at org.testng.internal.TestMethodWorker.run(TestMethodWorker.java:128)
at java.util.ArrayList.forEach(ArrayList.java:1257)
at org.testng.TestRunner.privateRun(TestRunner.java:770)
at org.testng.TestRunner.run(TestRunner.java:591)
at org.testng.SuiteRunner.runTest(SuiteRunner.java:402)
at org.testng.SuiteRunner.runSequentially(SuiteRunner.java:396)
at org.testng.SuiteRunner.privateRun(SuiteRunner.java:355)
at org.testng.SuiteRunner.run(SuiteRunner.java:304)
at org.testng.SuiteRunnerWorker.runSuite(SuiteRunnerWorker.java:53)
at org.testng.SuiteRunnerWorker.run(SuiteRunnerWorker.java:96)
at org.testng.TestNG.runSuitesSequentially(TestNG.java:1180)
at org.testng.TestNG.runSuitesLocally(TestNG.java:1102)
at org.testng.TestNG.runSuites(TestNG.java:1032)
at org.testng.TestNG.run(TestNG.java:1000)
at org.testng.remote.AbstractRemoteTestNG.run(AbstractRemoteTestNG.java:115)
at org.testng.remote.RemoteTestNG.initAndRun(RemoteTestNG.java:251)
at org.testng.remote.RemoteTestNG.main(RemoteTestNG.java:77)
]]>
    </failure>
  </testcase> <!-- Add_BloodSugar -->
  <testcase name="Add_BloodSugar" time="21.878" classname="englishArabic_TCs.ReadingsTCs">
    <failure type="junit.framework.ComparisonFailure" message="expected:&amp;lt;Low&amp;gt; but was:&amp;lt;High&amp;gt;">
      <![CDATA[junit.framework.ComparisonFailure: expected:<Low> but was:<High>
at junit.framework.Assert.assertEquals(Assert.java:81)
at junit.framework.Assert.assertEquals(Assert.java:87)
at englishArabic_TCs.ReadingsTCs.Add_BloodSugar(ReadingsTCs.java:198)
at sun.reflect.NativeMethodAccessorImpl.invoke0(Native Method)
at sun.reflect.NativeMethodAccessorImpl.invoke(NativeMethodAccessorImpl.java:62)
at sun.reflect.DelegatingMethodAccessorImpl.invoke(DelegatingMethodAccessorImpl.java:43)
at java.lang.reflect.Method.invoke(Method.java:498)
at org.testng.internal.MethodInvocationHelper.invokeMethod(MethodInvocationHelper.java:133)
at org.testng.internal.TestInvoker.invokeMethod(TestInvoker.java:584)
at org.testng.internal.TestInvoker.invokeTestMethod(TestInvoker.java:172)
at org.testng.internal.MethodRunner.runInSequence(MethodRunner.java:46)
at org.testng.internal.TestInvoker$MethodInvocationAgent.invoke(TestInvoker.java:804)
at org.testng.internal.TestInvoker.invokeTestMethods(TestInvoker.java:145)
at org.testng.internal.TestMethodWorker.invokeTestMethods(TestMethodWorker.java:146)
at org.testng.internal.TestMethodWorker.run(TestMethodWorker.java:128)
at java.util.ArrayList.forEach(ArrayList.java:1257)
at org.testng.TestRunner.privateRun(TestRunner.java:770)
at org.testng.TestRunner.run(TestRunner.java:591)
at org.testng.SuiteRunner.runTest(SuiteRunner.java:402)
at org.testng.SuiteRunner.runSequentially(SuiteRunner.java:396)
at org.testng.SuiteRunner.privateRun(SuiteRunner.java:355)
at org.testng.SuiteRunner.run(SuiteRunner.java:304)
at org.testng.SuiteRunnerWorker.runSuite(SuiteRunnerWorker.java:53)
at org.testng.SuiteRunnerWorker.run(SuiteRunnerWorker.java:96)
at org.testng.TestNG.runSuitesSequentially(TestNG.java:1180)
at org.testng.TestNG.runSuitesLocally(TestNG.java:1102)
at org.testng.TestNG.runSuites(TestNG.java:1032)
at org.testng.TestNG.run(TestNG.java:1000)
at org.testng.remote.AbstractRemoteTestNG.run(AbstractRemoteTestNG.java:115)
at org.testng.remote.RemoteTestNG.initAndRun(RemoteTestNG.java:251)
at org.testng.remote.RemoteTestNG.main(RemoteTestNG.java:77)
]]>
    </failure>
  </testcase> <!-- Add_BloodSugar -->
  <testcase name="Add_BloodSugar" time="21.863" classname="englishArabic_TCs.ReadingsTCs"/>
  <testcase name="Add_BloodSugar" time="21.828" classname="englishArabic_TCs.ReadingsTCs"/>
  <testcase name="Add_BloodSugar" time="21.766" classname="englishArabic_TCs.ReadingsTCs"/>
  <testcase name="Add_BloodSugar" time="24.31" classname="englishArabic_TCs.ReadingsTCs"/>
  <testcase name="Add_BloodSugar" time="24.283" classname="englishArabic_TCs.ReadingsTCs"/>
  <testcase name="Add_BloodSugar" time="21.727" classname="englishArabic_TCs.ReadingsTCs"/>
  <testcase name="Add_BloodSugar" time="21.898" classname="englishArabic_TCs.ReadingsTCs"/>
  <testcase name="Add_BloodSugar" time="22.519" classname="englishArabic_TCs.ReadingsTCs"/>
  <testcase name="Add_BloodSugar" time="24.645" classname="englishArabic_TCs.ReadingsTCs"/>
  <testcase name="Add_BloodSugar" time="21.961" classname="englishArabic_TCs.ReadingsTCs"/>
  <testcase name="Add_Oxygen_Level" time="21.992" classname="englishArabic_TCs.ReadingsTCs"/>
  <testcase name="Add_Oxygen_Level" time="22.602" classname="englishArabic_TCs.ReadingsTCs"/>
  <testcase name="Add_Oxygen_Level" time="23.119" classname="englishArabic_TCs.ReadingsTCs"/>
  <testcase name="Add_Oxygen_Level" time="22.007" classname="englishArabic_TCs.ReadingsTCs"/>
  <testcase name="Add_Oxygen_Level" time="22.086" classname="englishArabic_TCs.ReadingsTCs"/>
  <testcase name="Add_Oxygen_Level" time="24.739" classname="englishArabic_TCs.ReadingsTCs"/>
  <testcase name="Add_Oxygen_Level" time="24.76" classname="englishArabic_TCs.ReadingsTCs"/>
  <testcase name="Add_Oxygen_Level" time="24.609" classname="englishArabic_TCs.ReadingsTCs"/>
  <testcase name="Add_Oxygen_Level" time="22.768" classname="englishArabic_TCs.ReadingsTCs"/>
  <testcase name="Add_Oxygen_Level" time="24.624" classname="englishArabic_TCs.ReadingsTCs"/>
  <testcase name="Add_Oxygen_Level" time="0.001" classname="englishArabic_TCs.ReadingsTCs"/>
  <testcase name="Add_Oxygen_Level" time="0.001" classname="englishArabic_TCs.ReadingsTCs"/>
  <testcase name="Add_Oxygen_Level" time="0.0" classname="englishArabic_TCs.ReadingsTCs"/>
  <testcase name="Add_Oxygen_Level" time="0.001" classname="englishArabic_TCs.ReadingsTCs"/>
  <testcase name="Add_Oxygen_Level" time="0.001" classname="englishArabic_TCs.ReadingsTCs"/>
  <testcase name="Add_Oxygen_Level" time="0.002" classname="englishArabic_TCs.ReadingsTCs"/>
  <testcase name="Add_Oxygen_Level" time="0.001" classname="englishArabic_TCs.ReadingsTCs"/>
  <testcase name="Add_Oxygen_Level" time="0.0" classname="englishArabic_TCs.ReadingsTCs"/>
  <testcase name="Add_Oxygen_Level" time="0.001" classname="englishArabic_TCs.ReadingsTCs"/>
  <testcase name="Add_Oxygen_Level" time="0.0" classname="englishArabic_TCs.ReadingsTCs"/>
  <testcase name="Add_Blood_Pressure" time="30.955" classname="englishArabic_TCs.ReadingsTCs"/>
  <testcase name="Add_Blood_Pressure" time="27.584" classname="englishArabic_TCs.ReadingsTCs"/>
  <testcase name="Add_Blood_Pressure" time="27.685" classname="englishArabic_TCs.ReadingsTCs"/>
  <testcase name="Add_Blood_Pressure" time="27.346" classname="englishArabic_TCs.ReadingsTCs"/>
  <testcase name="Add_Blood_Pressure" time="28.044" classname="englishArabic_TCs.ReadingsTCs"/>
  <testcase name="Add_Blood_Pressure" time="28.634" classname="englishArabic_TCs.ReadingsTCs"/>
  <testcase name="Add_Blood_Pressure" time="30.114" classname="englishArabic_TCs.ReadingsTCs"/>
  <testcase name="Add_Blood_Pressure" time="27.805" classname="englishArabic_TCs.ReadingsTCs"/>
  <testcase name="Add_Blood_Pressure" time="23.914" classname="englishArabic_TCs.ReadingsTCs">
    <failure type="org.openqa.selenium.NoSuchElementException" message="Can&amp;apos;t locate an element by this strategy: By.id: Add">
      <![CDATA[org.openqa.selenium.NoSuchElementException: Can't locate an element by this strategy: By.id: Add
at io.appium.java_client.pagefactory.AppiumElementLocator.findElement(AppiumElementLocator.java:126)
at io.appium.java_client.pagefactory.interceptors.InterceptorOfASingleElement.intercept(InterceptorOfASingleElement.java:59)
at io.appium.java_client.ios.IOSElement$$EnhancerByCGLIB$$d311658.click(<generated>)
at pages.PageBase.clickOn(PageBase.java:198)
at pages.AddNewReadingPage.Add_Blood_Pressure(AddNewReadingPage.java:362)
at englishArabic_TCs.ReadingsTCs.Add_Blood_Pressure(ReadingsTCs.java:229)
at sun.reflect.NativeMethodAccessorImpl.invoke0(Native Method)
at sun.reflect.NativeMethodAccessorImpl.invoke(NativeMethodAccessorImpl.java:62)
at sun.reflect.DelegatingMethodAccessorImpl.invoke(DelegatingMethodAccessorImpl.java:43)
at java.lang.reflect.Method.invoke(Method.java:498)
at org.testng.internal.MethodInvocationHelper.invokeMethod(MethodInvocationHelper.java:133)
at org.testng.internal.TestInvoker.invokeMethod(TestInvoker.java:584)
at org.testng.internal.TestInvoker.invokeTestMethod(TestInvoker.java:172)
at org.testng.internal.MethodRunner.runInSequence(MethodRunner.java:46)
at org.testng.internal.TestInvoker$MethodInvocationAgent.invoke(TestInvoker.java:804)
at org.testng.internal.TestInvoker.invokeTestMethods(TestInvoker.java:145)
at org.testng.internal.TestMethodWorker.invokeTestMethods(TestMethodWorker.java:146)
at org.testng.internal.TestMethodWorker.run(TestMethodWorker.java:128)
at java.util.ArrayList.forEach(ArrayList.java:1257)
at org.testng.TestRunner.privateRun(TestRunner.java:770)
at org.testng.TestRunner.run(TestRunner.java:591)
at org.testng.SuiteRunner.runTest(SuiteRunner.java:402)
at org.testng.SuiteRunner.runSequentially(SuiteRunner.java:396)
at org.testng.SuiteRunner.privateRun(SuiteRunner.java:355)
at org.testng.SuiteRunner.run(SuiteRunner.java:304)
at org.testng.SuiteRunnerWorker.runSuite(SuiteRunnerWorker.java:53)
at org.testng.SuiteRunnerWorker.run(SuiteRunnerWorker.java:96)
at org.testng.TestNG.runSuitesSequentially(TestNG.java:1180)
at org.testng.TestNG.runSuitesLocally(TestNG.java:1102)
at org.testng.TestNG.runSuites(TestNG.java:1032)
at org.testng.TestNG.run(TestNG.java:1000)
at org.testng.remote.AbstractRemoteTestNG.run(AbstractRemoteTestNG.java:115)
at org.testng.remote.RemoteTestNG.initAndRun(RemoteTestNG.java:251)
at org.testng.remote.RemoteTestNG.main(RemoteTestNG.java:77)
Caused by: org.openqa.selenium.TimeoutException: Expected condition failed: waiting for io.appium.java_client.pagefactory.AppiumElementLocator$WaitingFunction@21e702b8 (tried for 1 second(s) with 500 milliseconds interval)
at org.openqa.selenium.support.ui.FluentWait.timeoutException(FluentWait.java:304)
at org.openqa.selenium.support.ui.FluentWait.until(FluentWait.java:272)
at io.appium.java_client.pagefactory.AppiumElementLocator.waitFor(AppiumElementLocator.java:99)
at io.appium.java_client.pagefactory.AppiumElementLocator.findElement(AppiumElementLocator.java:119)
... 33 more
Caused by: org.openqa.selenium.NoSuchElementException: An element could not be located on the page using the given search parameters.
For documentation on this error, please visit: https://www.seleniumhq.org/exceptions/no_such_element.html
Build info: version: '3.141.59', revision: 'e82be7d358', time: '2018-11-14T08:17:03'
System info: host: 'TD247E-M011.local', ip: 'fe80:0:0:0:1c9f:209e:fae1:69f1%en0', os.name: 'Mac OS X', os.arch: 'x86_64', os.version: '10.14.6', java.version: '1.8.0_221'
Driver info: io.appium.java_client.ios.IOSDriver
Capabilities {automationName: XCUITest, browserName: , bundleId: com.axa.mydoctor, databaseEnabled: false, deviceName: iPhone 6s plus, javascriptEnabled: true, locationContextEnabled: false, networkConnectionEnabled: false, noReset: false, platform: MAC, platformName: iOS, platformVersion: 13.1.2, takesScreenshot: true, udid: 397ad5ca4c76b2e8fde361cbfef..., unicodeKeyboard: true, usePrebuiltWDA: true, webStorageEnabled: false}
Session ID: d88dc5ca-41f3-4c5b-8938-2afbd6f74f95
*** Element info: {Using=id, value=Add}
at sun.reflect.NativeConstructorAccessorImpl.newInstance0(Native Method)
at sun.reflect.NativeConstructorAccessorImpl.newInstance(NativeConstructorAccessorImpl.java:62)
at sun.reflect.DelegatingConstructorAccessorImpl.newInstance(DelegatingConstructorAccessorImpl.java:45)
at java.lang.reflect.Constructor.newInstance(Constructor.java:423)
at org.openqa.selenium.remote.http.W3CHttpResponseCodec.createException(W3CHttpResponseCodec.java:187)
at org.openqa.selenium.remote.http.W3CHttpResponseCodec.decode(W3CHttpResponseCodec.java:122)
at org.openqa.selenium.remote.http.W3CHttpResponseCodec.decode(W3CHttpResponseCodec.java:49)
at org.openqa.selenium.remote.HttpCommandExecutor.execute(HttpCommandExecutor.java:158)
at io.appium.java_client.remote.AppiumCommandExecutor.execute(AppiumCommandExecutor.java:239)
at org.openqa.selenium.remote.RemoteWebDriver.execute(RemoteWebDriver.java:552)
at io.appium.java_client.DefaultGenericMobileDriver.execute(DefaultGenericMobileDriver.java:42)
at io.appium.java_client.AppiumDriver.execute(AppiumDriver.java:1)
at io.appium.java_client.ios.IOSDriver.execute(IOSDriver.java:1)
at org.openqa.selenium.remote.RemoteWebDriver.findElement(RemoteWebDriver.java:323)
at io.appium.java_client.DefaultGenericMobileDriver.findElement(DefaultGenericMobileDriver.java:62)
at io.appium.java_client.AppiumDriver.findElement(AppiumDriver.java:1)
at io.appium.java_client.ios.IOSDriver.findElement(IOSDriver.java:1)
at org.openqa.selenium.remote.RemoteWebDriver.findElementById(RemoteWebDriver.java:372)
at io.appium.java_client.DefaultGenericMobileDriver.findElementById(DefaultGenericMobileDriver.java:70)
at io.appium.java_client.AppiumDriver.findElementById(AppiumDriver.java:1)
at io.appium.java_client.ios.IOSDriver.findElementById(IOSDriver.java:1)
at org.openqa.selenium.By$ById.findElement(By.java:188)
at org.openqa.selenium.remote.RemoteWebDriver.findElement(RemoteWebDriver.java:315)
at io.appium.java_client.DefaultGenericMobileDriver.findElement(DefaultGenericMobileDriver.java:58)
at io.appium.java_client.AppiumDriver.findElement(AppiumDriver.java:1)
at io.appium.java_client.ios.IOSDriver.findElement(IOSDriver.java:1)
at io.appium.java_client.pagefactory.bys.ContentMappedBy.findElement(ContentMappedBy.java:50)
at org.openqa.selenium.remote.RemoteWebDriver.findElement(RemoteWebDriver.java:315)
at io.appium.java_client.DefaultGenericMobileDriver.findElement(DefaultGenericMobileDriver.java:58)
at io.appium.java_client.AppiumDriver.findElement(AppiumDriver.java:1)
at io.appium.java_client.ios.IOSDriver.findElement(IOSDriver.java:1)
at io.appium.java_client.pagefactory.AppiumElementLocator.lambda$0(AppiumElementLocator.java:120)
at io.appium.java_client.pagefactory.AppiumElementLocator$WaitingFunction.apply(AppiumElementLocator.java:172)
at io.appium.java_client.pagefactory.AppiumElementLocator$WaitingFunction.apply(AppiumElementLocator.java:1)
at org.openqa.selenium.support.ui.FluentWait.until(FluentWait.java:249)
... 35 more
]]>
    </failure>
  </testcase> <!-- Add_Blood_Pressure -->
  <testcase name="Add_Blood_Pressure" time="57.807" classname="englishArabic_TCs.ReadingsTCs"/>
  <testcase name="Add_Blood_Pressure" time="29.938" classname="englishArabic_TCs.ReadingsTCs"/>
  <testcase name="Add_Blood_Pressure" time="30.169" classname="englishArabic_TCs.ReadingsTCs"/>
  <testcase name="Add_Blood_Pressure" time="27.831" classname="englishArabic_TCs.ReadingsTCs"/>
  <testcase name="Add_Blood_Pressure" time="30.03" classname="englishArabic_TCs.ReadingsTCs"/>
  <testcase name="Add_Blood_Pressure" time="27.6" classname="englishArabic_TCs.ReadingsTCs"/>
  <testcase name="Add_Blood_Pressure" time="27.724" classname="englishArabic_TCs.ReadingsTCs"/>
  <testcase name="Add_Blood_Pressure" time="30.599" classname="englishArabic_TCs.ReadingsTCs"/>
  <testcase name="Add_Blood_Pressure" time="30.201" classname="englishArabic_TCs.ReadingsTCs"/>
  <testcase name="Add_Blood_Pressure" time="50.114" classname="englishArabic_TCs.ReadingsTCs">
    <failure type="org.openqa.selenium.NoSuchElementException" message="Can&amp;apos;t locate an element by this strategy: By.id: readingsDiastolicAddManualReadingTableTextField">
      <![CDATA[org.openqa.selenium.NoSuchElementException: Can't locate an element by this strategy: By.id: readingsDiastolicAddManualReadingTableTextField
at io.appium.java_client.pagefactory.AppiumElementLocator.findElement(AppiumElementLocator.java:126)
at io.appium.java_client.pagefactory.interceptors.InterceptorOfASingleElement.intercept(InterceptorOfASingleElement.java:59)
at io.appium.java_client.ios.IOSElement$$EnhancerByCGLIB$$d311658.clear(<generated>)
at pages.PageBase.clearAndSetText(PageBase.java:106)
at pages.AddNewReadingPage.Add_Blood_Pressure(AddNewReadingPage.java:361)
at englishArabic_TCs.ReadingsTCs.Add_Blood_Pressure(ReadingsTCs.java:229)
at sun.reflect.GeneratedMethodAccessor91.invoke(Unknown Source)
at sun.reflect.DelegatingMethodAccessorImpl.invoke(DelegatingMethodAccessorImpl.java:43)
at java.lang.reflect.Method.invoke(Method.java:498)
at org.testng.internal.MethodInvocationHelper.invokeMethod(MethodInvocationHelper.java:133)
at org.testng.internal.TestInvoker.invokeMethod(TestInvoker.java:584)
at org.testng.internal.TestInvoker.invokeTestMethod(TestInvoker.java:172)
at org.testng.internal.MethodRunner.runInSequence(MethodRunner.java:46)
at org.testng.internal.TestInvoker$MethodInvocationAgent.invoke(TestInvoker.java:804)
at org.testng.internal.TestInvoker.invokeTestMethods(TestInvoker.java:145)
at org.testng.internal.TestMethodWorker.invokeTestMethods(TestMethodWorker.java:146)
at org.testng.internal.TestMethodWorker.run(TestMethodWorker.java:128)
at java.util.ArrayList.forEach(ArrayList.java:1257)
at org.testng.TestRunner.privateRun(TestRunner.java:770)
at org.testng.TestRunner.run(TestRunner.java:591)
at org.testng.SuiteRunner.runTest(SuiteRunner.java:402)
at org.testng.SuiteRunner.runSequentially(SuiteRunner.java:396)
at org.testng.SuiteRunner.privateRun(SuiteRunner.java:355)
at org.testng.SuiteRunner.run(SuiteRunner.java:304)
at org.testng.SuiteRunnerWorker.runSuite(SuiteRunnerWorker.java:53)
at org.testng.SuiteRunnerWorker.run(SuiteRunnerWorker.java:96)
at org.testng.TestNG.runSuitesSequentially(TestNG.java:1180)
at org.testng.TestNG.runSuitesLocally(TestNG.java:1102)
at org.testng.TestNG.runSuites(TestNG.java:1032)
at org.testng.TestNG.run(TestNG.java:1000)
at org.testng.remote.AbstractRemoteTestNG.run(AbstractRemoteTestNG.java:115)
at org.testng.remote.RemoteTestNG.initAndRun(RemoteTestNG.java:251)
at org.testng.remote.RemoteTestNG.main(RemoteTestNG.java:77)
Caused by: org.openqa.selenium.TimeoutException: Expected condition failed: waiting for io.appium.java_client.pagefactory.AppiumElementLocator$WaitingFunction@468eff41 (tried for 1 second(s) with 500 milliseconds interval)
at org.openqa.selenium.support.ui.FluentWait.timeoutException(FluentWait.java:304)
at org.openqa.selenium.support.ui.FluentWait.until(FluentWait.java:272)
at io.appium.java_client.pagefactory.AppiumElementLocator.waitFor(AppiumElementLocator.java:99)
at io.appium.java_client.pagefactory.AppiumElementLocator.findElement(AppiumElementLocator.java:119)
... 32 more
Caused by: org.openqa.selenium.NoSuchElementException: An element could not be located on the page using the given search parameters.
For documentation on this error, please visit: https://www.seleniumhq.org/exceptions/no_such_element.html
Build info: version: '3.141.59', revision: 'e82be7d358', time: '2018-11-14T08:17:03'
System info: host: 'TD247E-M011.local', ip: 'fe80:0:0:0:1c9f:209e:fae1:69f1%en0', os.name: 'Mac OS X', os.arch: 'x86_64', os.version: '10.14.6', java.version: '1.8.0_221'
Driver info: io.appium.java_client.ios.IOSDriver
Capabilities {automationName: XCUITest, browserName: , bundleId: com.axa.mydoctor, databaseEnabled: false, deviceName: iPhone 6s plus, javascriptEnabled: true, locationContextEnabled: false, networkConnectionEnabled: false, noReset: false, platform: MAC, platformName: iOS, platformVersion: 13.1.2, takesScreenshot: true, udid: 397ad5ca4c76b2e8fde361cbfef..., unicodeKeyboard: true, usePrebuiltWDA: true, webStorageEnabled: false}
Session ID: d88dc5ca-41f3-4c5b-8938-2afbd6f74f95
*** Element info: {Using=id, value=readingsDiastolicAddManualReadingTableTextField}
at sun.reflect.GeneratedConstructorAccessor38.newInstance(Unknown Source)
at sun.reflect.DelegatingConstructorAccessorImpl.newInstance(DelegatingConstructorAccessorImpl.java:45)
at java.lang.reflect.Constructor.newInstance(Constructor.java:423)
at org.openqa.selenium.remote.http.W3CHttpResponseCodec.createException(W3CHttpResponseCodec.java:187)
at org.openqa.selenium.remote.http.W3CHttpResponseCodec.decode(W3CHttpResponseCodec.java:122)
at org.openqa.selenium.remote.http.W3CHttpResponseCodec.decode(W3CHttpResponseCodec.java:49)
at org.openqa.selenium.remote.HttpCommandExecutor.execute(HttpCommandExecutor.java:158)
at io.appium.java_client.remote.AppiumCommandExecutor.execute(AppiumCommandExecutor.java:239)
at org.openqa.selenium.remote.RemoteWebDriver.execute(RemoteWebDriver.java:552)
at io.appium.java_client.DefaultGenericMobileDriver.execute(DefaultGenericMobileDriver.java:42)
at io.appium.java_client.AppiumDriver.execute(AppiumDriver.java:1)
at io.appium.java_client.ios.IOSDriver.execute(IOSDriver.java:1)
at org.openqa.selenium.remote.RemoteWebDriver.findElement(RemoteWebDriver.java:323)
at io.appium.java_client.DefaultGenericMobileDriver.findElement(DefaultGenericMobileDriver.java:62)
at io.appium.java_client.AppiumDriver.findElement(AppiumDriver.java:1)
at io.appium.java_client.ios.IOSDriver.findElement(IOSDriver.java:1)
at org.openqa.selenium.remote.RemoteWebDriver.findElementById(RemoteWebDriver.java:372)
at io.appium.java_client.DefaultGenericMobileDriver.findElementById(DefaultGenericMobileDriver.java:70)
at io.appium.java_client.AppiumDriver.findElementById(AppiumDriver.java:1)
at io.appium.java_client.ios.IOSDriver.findElementById(IOSDriver.java:1)
at org.openqa.selenium.By$ById.findElement(By.java:188)
at org.openqa.selenium.remote.RemoteWebDriver.findElement(RemoteWebDriver.java:315)
at io.appium.java_client.DefaultGenericMobileDriver.findElement(DefaultGenericMobileDriver.java:58)
at io.appium.java_client.AppiumDriver.findElement(AppiumDriver.java:1)
at io.appium.java_client.ios.IOSDriver.findElement(IOSDriver.java:1)
at io.appium.java_client.pagefactory.bys.ContentMappedBy.findElement(ContentMappedBy.java:50)
at org.openqa.selenium.remote.RemoteWebDriver.findElement(RemoteWebDriver.java:315)
at io.appium.java_client.DefaultGenericMobileDriver.findElement(DefaultGenericMobileDriver.java:58)
at io.appium.java_client.AppiumDriver.findElement(AppiumDriver.java:1)
at io.appium.java_client.ios.IOSDriver.findElement(IOSDriver.java:1)
at io.appium.java_client.pagefactory.AppiumElementLocator.lambda$0(AppiumElementLocator.java:120)
at io.appium.java_client.pagefactory.AppiumElementLocator$WaitingFunction.apply(AppiumElementLocator.java:172)
at io.appium.java_client.pagefactory.AppiumElementLocator$WaitingFunction.apply(AppiumElementLocator.java:1)
at org.openqa.selenium.support.ui.FluentWait.until(FluentWait.java:249)
... 34 more
]]>
    </failure>
  </testcase> <!-- Add_Blood_Pressure -->
  <testcase name="Add_Blood_Pressure" time="58.783" classname="englishArabic_TCs.ReadingsTCs"/>
  <testcase name="Add_Blood_Pressure" time="28.761" classname="englishArabic_TCs.ReadingsTCs"/>
  <testcase name="Add_Blood_Pressure" time="32.329" classname="englishArabic_TCs.ReadingsTCs"/>
  <testcase name="Add_Blood_Pressure" time="29.365" classname="englishArabic_TCs.ReadingsTCs"/>
  <testcase name="Add_Blood_Pressure" time="27.903" classname="englishArabic_TCs.ReadingsTCs"/>
  <testcase name="Add_Blood_Pressure" time="32.151" classname="englishArabic_TCs.ReadingsTCs"/>
  <testcase name="Add_Blood_Pressure" time="30.565" classname="englishArabic_TCs.ReadingsTCs"/>
  <testcase name="Add_Blood_Pressure" time="31.501" classname="englishArabic_TCs.ReadingsTCs"/>
  <testcase name="Add_Blood_Pressure" time="27.856" classname="englishArabic_TCs.ReadingsTCs"/>
  <testcase name="Add_Blood_Pressure" time="30.367" classname="englishArabic_TCs.ReadingsTCs"/>
  <testcase name="Add_Blood_Pressure" time="28.047" classname="englishArabic_TCs.ReadingsTCs"/>
  <testcase name="Add_Blood_Pressure" time="30.585" classname="englishArabic_TCs.ReadingsTCs"/>
  <testcase name="Add_Blood_Pressure" time="28.154" classname="englishArabic_TCs.ReadingsTCs"/>
  <testcase name="Add_Heart_Rate" time="22.003" classname="englishArabic_TCs.ReadingsTCs"/>
  <testcase name="Add_Heart_Rate" time="24.901" classname="englishArabic_TCs.ReadingsTCs"/>
  <testcase name="Add_Heart_Rate" time="22.017" classname="englishArabic_TCs.ReadingsTCs"/>
  <testcase name="Add_Heart_Rate" time="24.728" classname="englishArabic_TCs.ReadingsTCs"/>
  <testcase name="Add_Heart_Rate" time="22.234" classname="englishArabic_TCs.ReadingsTCs"/>
  <testcase name="Add_Heart_Rate" time="22.595" classname="englishArabic_TCs.ReadingsTCs">
    <failure type="org.openqa.selenium.NoSuchElementException" message="Can&amp;apos;t locate an element by this strategy: By.id: HeartRateReadingsHomeaboveBelowNormalLabel">
      <![CDATA[org.openqa.selenium.NoSuchElementException: Can't locate an element by this strategy: By.id: HeartRateReadingsHomeaboveBelowNormalLabel
at io.appium.java_client.pagefactory.AppiumElementLocator.findElement(AppiumElementLocator.java:126)
at io.appium.java_client.pagefactory.interceptors.InterceptorOfASingleElement.intercept(InterceptorOfASingleElement.java:59)
at io.appium.java_client.ios.IOSElement$$EnhancerByCGLIB$$d311658.getText(<generated>)
at pages.AddNewReadingPage.Add_Heart_Rate(AddNewReadingPage.java:387)
at englishArabic_TCs.ReadingsTCs.Add_Heart_Rate(ReadingsTCs.java:238)
at sun.reflect.NativeMethodAccessorImpl.invoke0(Native Method)
at sun.reflect.NativeMethodAccessorImpl.invoke(NativeMethodAccessorImpl.java:62)
at sun.reflect.DelegatingMethodAccessorImpl.invoke(DelegatingMethodAccessorImpl.java:43)
at java.lang.reflect.Method.invoke(Method.java:498)
at org.testng.internal.MethodInvocationHelper.invokeMethod(MethodInvocationHelper.java:133)
at org.testng.internal.TestInvoker.invokeMethod(TestInvoker.java:584)
at org.testng.internal.TestInvoker.invokeTestMethod(TestInvoker.java:172)
at org.testng.internal.MethodRunner.runInSequence(MethodRunner.java:46)
at org.testng.internal.TestInvoker$MethodInvocationAgent.invoke(TestInvoker.java:804)
at org.testng.internal.TestInvoker.invokeTestMethods(TestInvoker.java:145)
at org.testng.internal.TestMethodWorker.invokeTestMethods(TestMethodWorker.java:146)
at org.testng.internal.TestMethodWorker.run(TestMethodWorker.java:128)
at java.util.ArrayList.forEach(ArrayList.java:1257)
at org.testng.TestRunner.privateRun(TestRunner.java:770)
at org.testng.TestRunner.run(TestRunner.java:591)
at org.testng.SuiteRunner.runTest(SuiteRunner.java:402)
at org.testng.SuiteRunner.runSequentially(SuiteRunner.java:396)
at org.testng.SuiteRunner.privateRun(SuiteRunner.java:355)
at org.testng.SuiteRunner.run(SuiteRunner.java:304)
at org.testng.SuiteRunnerWorker.runSuite(SuiteRunnerWorker.java:53)
at org.testng.SuiteRunnerWorker.run(SuiteRunnerWorker.java:96)
at org.testng.TestNG.runSuitesSequentially(TestNG.java:1180)
at org.testng.TestNG.runSuitesLocally(TestNG.java:1102)
at org.testng.TestNG.runSuites(TestNG.java:1032)
at org.testng.TestNG.run(TestNG.java:1000)
at org.testng.remote.AbstractRemoteTestNG.run(AbstractRemoteTestNG.java:115)
at org.testng.remote.RemoteTestNG.initAndRun(RemoteTestNG.java:251)
at org.testng.remote.RemoteTestNG.main(RemoteTestNG.java:77)
Caused by: org.openqa.selenium.TimeoutException: Expected condition failed: waiting for io.appium.java_client.pagefactory.AppiumElementLocator$WaitingFunction@3e94a6f6 (tried for 1 second(s) with 500 milliseconds interval)
at org.openqa.selenium.support.ui.FluentWait.timeoutException(FluentWait.java:304)
at org.openqa.selenium.support.ui.FluentWait.until(FluentWait.java:272)
at io.appium.java_client.pagefactory.AppiumElementLocator.waitFor(AppiumElementLocator.java:99)
at io.appium.java_client.pagefactory.AppiumElementLocator.findElement(AppiumElementLocator.java:119)
... 32 more
Caused by: org.openqa.selenium.NoSuchElementException: An element could not be located on the page using the given search parameters.
For documentation on this error, please visit: https://www.seleniumhq.org/exceptions/no_such_element.html
Build info: version: '3.141.59', revision: 'e82be7d358', time: '2018-11-14T08:17:03'
System info: host: 'TD247E-M011.local', ip: 'fe80:0:0:0:1c9f:209e:fae1:69f1%en0', os.name: 'Mac OS X', os.arch: 'x86_64', os.version: '10.14.6', java.version: '1.8.0_221'
Driver info: io.appium.java_client.ios.IOSDriver
Capabilities {automationName: XCUITest, browserName: , bundleId: com.axa.mydoctor, databaseEnabled: false, deviceName: iPhone 6s plus, javascriptEnabled: true, locationContextEnabled: false, networkConnectionEnabled: false, noReset: false, platform: MAC, platformName: iOS, platformVersion: 13.1.2, takesScreenshot: true, udid: 397ad5ca4c76b2e8fde361cbfef..., unicodeKeyboard: true, usePrebuiltWDA: true, webStorageEnabled: false}
Session ID: d88dc5ca-41f3-4c5b-8938-2afbd6f74f95
*** Element info: {Using=id, value=HeartRateReadingsHomeaboveBelowNormalLabel}
at sun.reflect.GeneratedConstructorAccessor38.newInstance(Unknown Source)
at sun.reflect.DelegatingConstructorAccessorImpl.newInstance(DelegatingConstructorAccessorImpl.java:45)
at java.lang.reflect.Constructor.newInstance(Constructor.java:423)
at org.openqa.selenium.remote.http.W3CHttpResponseCodec.createException(W3CHttpResponseCodec.java:187)
at org.openqa.selenium.remote.http.W3CHttpResponseCodec.decode(W3CHttpResponseCodec.java:122)
at org.openqa.selenium.remote.http.W3CHttpResponseCodec.decode(W3CHttpResponseCodec.java:49)
at org.openqa.selenium.remote.HttpCommandExecutor.execute(HttpCommandExecutor.java:158)
at io.appium.java_client.remote.AppiumCommandExecutor.execute(AppiumCommandExecutor.java:239)
at org.openqa.selenium.remote.RemoteWebDriver.execute(RemoteWebDriver.java:552)
at io.appium.java_client.DefaultGenericMobileDriver.execute(DefaultGenericMobileDriver.java:42)
at io.appium.java_client.AppiumDriver.execute(AppiumDriver.java:1)
at io.appium.java_client.ios.IOSDriver.execute(IOSDriver.java:1)
at org.openqa.selenium.remote.RemoteWebDriver.findElement(RemoteWebDriver.java:323)
at io.appium.java_client.DefaultGenericMobileDriver.findElement(DefaultGenericMobileDriver.java:62)
at io.appium.java_client.AppiumDriver.findElement(AppiumDriver.java:1)
at io.appium.java_client.ios.IOSDriver.findElement(IOSDriver.java:1)
at org.openqa.selenium.remote.RemoteWebDriver.findElementById(RemoteWebDriver.java:372)
at io.appium.java_client.DefaultGenericMobileDriver.findElementById(DefaultGenericMobileDriver.java:70)
at io.appium.java_client.AppiumDriver.findElementById(AppiumDriver.java:1)
at io.appium.java_client.ios.IOSDriver.findElementById(IOSDriver.java:1)
at org.openqa.selenium.By$ById.findElement(By.java:188)
at org.openqa.selenium.remote.RemoteWebDriver.findElement(RemoteWebDriver.java:315)
at io.appium.java_client.DefaultGenericMobileDriver.findElement(DefaultGenericMobileDriver.java:58)
at io.appium.java_client.AppiumDriver.findElement(AppiumDriver.java:1)
at io.appium.java_client.ios.IOSDriver.findElement(IOSDriver.java:1)
at io.appium.java_client.pagefactory.bys.ContentMappedBy.findElement(ContentMappedBy.java:50)
at org.openqa.selenium.remote.RemoteWebDriver.findElement(RemoteWebDriver.java:315)
at io.appium.java_client.DefaultGenericMobileDriver.findElement(DefaultGenericMobileDriver.java:58)
at io.appium.java_client.AppiumDriver.findElement(AppiumDriver.java:1)
at io.appium.java_client.ios.IOSDriver.findElement(IOSDriver.java:1)
at io.appium.java_client.pagefactory.AppiumElementLocator.lambda$0(AppiumElementLocator.java:120)
at io.appium.java_client.pagefactory.AppiumElementLocator$WaitingFunction.apply(AppiumElementLocator.java:172)
at io.appium.java_client.pagefactory.AppiumElementLocator$WaitingFunction.apply(AppiumElementLocator.java:1)
at org.openqa.selenium.support.ui.FluentWait.until(FluentWait.java:249)
... 34 more
]]>
    </failure>
  </testcase> <!-- Add_Heart_Rate -->
  <testcase name="Add_Heart_Rate" time="28.662" classname="englishArabic_TCs.ReadingsTCs"/>
  <testcase name="Add_Heart_Rate" time="25.827" classname="englishArabic_TCs.ReadingsTCs"/>
  <testcase name="Add_Heart_Rate" time="29.778" classname="englishArabic_TCs.ReadingsTCs"/>
  <testcase name="Add_Heart_Rate" time="25.389" classname="englishArabic_TCs.ReadingsTCs"/>
  <testcase name="Add_Heart_Rate" time="65.582" classname="englishArabic_TCs.ReadingsTCs"/>
  <testcase name="Add_Heart_Rate" time="51.776" classname="englishArabic_TCs.ReadingsTCs"/>
  <testcase name="Add_Heart_Rate" time="34.712" classname="englishArabic_TCs.ReadingsTCs"/>
  <testcase name="Add_Heart_Rate" time="40.673" classname="englishArabic_TCs.ReadingsTCs"/>
  <testcase name="Add_Heart_Rate" time="55.678" classname="englishArabic_TCs.ReadingsTCs"/>
  <testcase name="Add_Heart_Rate" time="37.271" classname="englishArabic_TCs.ReadingsTCs">
    <failure type="org.openqa.selenium.NoSuchElementException" message="Can&amp;apos;t locate an element by this strategy: By.id: ReadingTypeAddManualReadingTableTextField">
      <![CDATA[org.openqa.selenium.NoSuchElementException: Can't locate an element by this strategy: By.id: ReadingTypeAddManualReadingTableTextField
at io.appium.java_client.pagefactory.AppiumElementLocator.findElement(AppiumElementLocator.java:126)
at io.appium.java_client.pagefactory.interceptors.InterceptorOfASingleElement.intercept(InterceptorOfASingleElement.java:59)
at io.appium.java_client.ios.IOSElement$$EnhancerByCGLIB$$d311658.click(<generated>)
at pages.PageBase.clickOn(PageBase.java:198)
at pages.AddNewReadingPage.Add_Heart_Rate(AddNewReadingPage.java:379)
at englishArabic_TCs.ReadingsTCs.Add_Heart_Rate(ReadingsTCs.java:238)
at sun.reflect.NativeMethodAccessorImpl.invoke0(Native Method)
at sun.reflect.NativeMethodAccessorImpl.invoke(NativeMethodAccessorImpl.java:62)
at sun.reflect.DelegatingMethodAccessorImpl.invoke(DelegatingMethodAccessorImpl.java:43)
at java.lang.reflect.Method.invoke(Method.java:498)
at org.testng.internal.MethodInvocationHelper.invokeMethod(MethodInvocationHelper.java:133)
at org.testng.internal.TestInvoker.invokeMethod(TestInvoker.java:584)
at org.testng.internal.TestInvoker.invokeTestMethod(TestInvoker.java:172)
at org.testng.internal.MethodRunner.runInSequence(MethodRunner.java:46)
at org.testng.internal.TestInvoker$MethodInvocationAgent.invoke(TestInvoker.java:804)
at org.testng.internal.TestInvoker.invokeTestMethods(TestInvoker.java:145)
at org.testng.internal.TestMethodWorker.invokeTestMethods(TestMethodWorker.java:146)
at org.testng.internal.TestMethodWorker.run(TestMethodWorker.java:128)
at java.util.ArrayList.forEach(ArrayList.java:1257)
at org.testng.TestRunner.privateRun(TestRunner.java:770)
at org.testng.TestRunner.run(TestRunner.java:591)
at org.testng.SuiteRunner.runTest(SuiteRunner.java:402)
at org.testng.SuiteRunner.runSequentially(SuiteRunner.java:396)
at org.testng.SuiteRunner.privateRun(SuiteRunner.java:355)
at org.testng.SuiteRunner.run(SuiteRunner.java:304)
at org.testng.SuiteRunnerWorker.runSuite(SuiteRunnerWorker.java:53)
at org.testng.SuiteRunnerWorker.run(SuiteRunnerWorker.java:96)
at org.testng.TestNG.runSuitesSequentially(TestNG.java:1180)
at org.testng.TestNG.runSuitesLocally(TestNG.java:1102)
at org.testng.TestNG.runSuites(TestNG.java:1032)
at org.testng.TestNG.run(TestNG.java:1000)
at org.testng.remote.AbstractRemoteTestNG.run(AbstractRemoteTestNG.java:115)
at org.testng.remote.RemoteTestNG.initAndRun(RemoteTestNG.java:251)
at org.testng.remote.RemoteTestNG.main(RemoteTestNG.java:77)
Caused by: org.openqa.selenium.TimeoutException: Expected condition failed: waiting for io.appium.java_client.pagefactory.AppiumElementLocator$WaitingFunction@10587ce5 (tried for 1 second(s) with 500 milliseconds interval)
at org.openqa.selenium.support.ui.FluentWait.timeoutException(FluentWait.java:304)
at org.openqa.selenium.support.ui.FluentWait.until(FluentWait.java:272)
at io.appium.java_client.pagefactory.AppiumElementLocator.waitFor(AppiumElementLocator.java:99)
at io.appium.java_client.pagefactory.AppiumElementLocator.findElement(AppiumElementLocator.java:119)
... 33 more
Caused by: org.openqa.selenium.NoSuchElementException: An element could not be located on the page using the given search parameters.
For documentation on this error, please visit: https://www.seleniumhq.org/exceptions/no_such_element.html
Build info: version: '3.141.59', revision: 'e82be7d358', time: '2018-11-14T08:17:03'
System info: host: 'TD247E-M011.local', ip: 'fe80:0:0:0:1c9f:209e:fae1:69f1%en0', os.name: 'Mac OS X', os.arch: 'x86_64', os.version: '10.14.6', java.version: '1.8.0_221'
Driver info: io.appium.java_client.ios.IOSDriver
Capabilities {automationName: XCUITest, browserName: , bundleId: com.axa.mydoctor, databaseEnabled: false, deviceName: iPhone 6s plus, javascriptEnabled: true, locationContextEnabled: false, networkConnectionEnabled: false, noReset: false, platform: MAC, platformName: iOS, platformVersion: 13.1.2, takesScreenshot: true, udid: 397ad5ca4c76b2e8fde361cbfef..., unicodeKeyboard: true, usePrebuiltWDA: true, webStorageEnabled: false}
Session ID: d88dc5ca-41f3-4c5b-8938-2afbd6f74f95
*** Element info: {Using=id, value=ReadingTypeAddManualReadingTableTextField}
at sun.reflect.GeneratedConstructorAccessor38.newInstance(Unknown Source)
at sun.reflect.DelegatingConstructorAccessorImpl.newInstance(DelegatingConstructorAccessorImpl.java:45)
at java.lang.reflect.Constructor.newInstance(Constructor.java:423)
at org.openqa.selenium.remote.http.W3CHttpResponseCodec.createException(W3CHttpResponseCodec.java:187)
at org.openqa.selenium.remote.http.W3CHttpResponseCodec.decode(W3CHttpResponseCodec.java:122)
at org.openqa.selenium.remote.http.W3CHttpResponseCodec.decode(W3CHttpResponseCodec.java:49)
at org.openqa.selenium.remote.HttpCommandExecutor.execute(HttpCommandExecutor.java:158)
at io.appium.java_client.remote.AppiumCommandExecutor.execute(AppiumCommandExecutor.java:239)
at org.openqa.selenium.remote.RemoteWebDriver.execute(RemoteWebDriver.java:552)
at io.appium.java_client.DefaultGenericMobileDriver.execute(DefaultGenericMobileDriver.java:42)
at io.appium.java_client.AppiumDriver.execute(AppiumDriver.java:1)
at io.appium.java_client.ios.IOSDriver.execute(IOSDriver.java:1)
at org.openqa.selenium.remote.RemoteWebDriver.findElement(RemoteWebDriver.java:323)
at io.appium.java_client.DefaultGenericMobileDriver.findElement(DefaultGenericMobileDriver.java:62)
at io.appium.java_client.AppiumDriver.findElement(AppiumDriver.java:1)
at io.appium.java_client.ios.IOSDriver.findElement(IOSDriver.java:1)
at org.openqa.selenium.remote.RemoteWebDriver.findElementById(RemoteWebDriver.java:372)
at io.appium.java_client.DefaultGenericMobileDriver.findElementById(DefaultGenericMobileDriver.java:70)
at io.appium.java_client.AppiumDriver.findElementById(AppiumDriver.java:1)
at io.appium.java_client.ios.IOSDriver.findElementById(IOSDriver.java:1)
at org.openqa.selenium.By$ById.findElement(By.java:188)
at org.openqa.selenium.remote.RemoteWebDriver.findElement(RemoteWebDriver.java:315)
at io.appium.java_client.DefaultGenericMobileDriver.findElement(DefaultGenericMobileDriver.java:58)
at io.appium.java_client.AppiumDriver.findElement(AppiumDriver.java:1)
at io.appium.java_client.ios.IOSDriver.findElement(IOSDriver.java:1)
at io.appium.java_client.pagefactory.bys.ContentMappedBy.findElement(ContentMappedBy.java:50)
at org.openqa.selenium.remote.RemoteWebDriver.findElement(RemoteWebDriver.java:315)
at io.appium.java_client.DefaultGenericMobileDriver.findElement(DefaultGenericMobileDriver.java:58)
at io.appium.java_client.AppiumDriver.findElement(AppiumDriver.java:1)
at io.appium.java_client.ios.IOSDriver.findElement(IOSDriver.java:1)
at io.appium.java_client.pagefactory.AppiumElementLocator.lambda$0(AppiumElementLocator.java:120)
at io.appium.java_client.pagefactory.AppiumElementLocator$WaitingFunction.apply(AppiumElementLocator.java:172)
at io.appium.java_client.pagefactory.AppiumElementLocator$WaitingFunction.apply(AppiumElementLocator.java:1)
at org.openqa.selenium.support.ui.FluentWait.until(FluentWait.java:249)
... 35 more
]]>
    </failure>
  </testcase> <!-- Add_Heart_Rate -->
  <testcase name="Add_Temperature" time="32.585" classname="englishArabic_TCs.ReadingsTCs"/>
  <testcase name="Add_Temperature" time="29.418" classname="englishArabic_TCs.ReadingsTCs"/>
  <testcase name="Add_Temperature" time="25.673" classname="englishArabic_TCs.ReadingsTCs"/>
  <testcase name="Add_Temperature" time="26.654" classname="englishArabic_TCs.ReadingsTCs"/>
  <testcase name="Add_Temperature" time="27.401" classname="englishArabic_TCs.ReadingsTCs"/>
  <testcase name="Add_Temperature" time="26.598" classname="englishArabic_TCs.ReadingsTCs"/>
  <testcase name="Add_Temperature" time="27.648" classname="englishArabic_TCs.ReadingsTCs"/>
  <testcase name="Add_Temperature" time="27.273" classname="englishArabic_TCs.ReadingsTCs"/>
  <testcase name="Add_Temperature" time="28.712" classname="englishArabic_TCs.ReadingsTCs"/>
  <testcase name="Add_Temperature" time="29.855" classname="englishArabic_TCs.ReadingsTCs"/>
  <testcase name="Add_Temperature" time="27.909" classname="englishArabic_TCs.ReadingsTCs"/>
  <testcase name="Add_Temperature" time="28.78" classname="englishArabic_TCs.ReadingsTCs"/>
  <testcase name="Add_Temperature" time="24.837" classname="englishArabic_TCs.ReadingsTCs"/>
  <testcase name="Add_Temperature" time="28.054" classname="englishArabic_TCs.ReadingsTCs"/>
  <testcase name="Add_Temperature" time="14.087" classname="englishArabic_TCs.ReadingsTCs">
    <failure type="org.openqa.selenium.NoSuchElementException" message="Can&amp;apos;t locate an element by this strategy: By.id: ReadingTypeAddManualReadingTableTextField">
      <![CDATA[org.openqa.selenium.NoSuchElementException: Can't locate an element by this strategy: By.id: ReadingTypeAddManualReadingTableTextField
at io.appium.java_client.pagefactory.AppiumElementLocator.findElement(AppiumElementLocator.java:126)
at io.appium.java_client.pagefactory.interceptors.InterceptorOfASingleElement.intercept(InterceptorOfASingleElement.java:59)
at io.appium.java_client.ios.IOSElement$$EnhancerByCGLIB$$d311658.click(<generated>)
at pages.PageBase.clickOn(PageBase.java:198)
at pages.AddNewReadingPage.Add_Temperature(AddNewReadingPage.java:399)
at englishArabic_TCs.ReadingsTCs.Add_Temperature(ReadingsTCs.java:247)
at sun.reflect.NativeMethodAccessorImpl.invoke0(Native Method)
at sun.reflect.NativeMethodAccessorImpl.invoke(NativeMethodAccessorImpl.java:62)
at sun.reflect.DelegatingMethodAccessorImpl.invoke(DelegatingMethodAccessorImpl.java:43)
at java.lang.reflect.Method.invoke(Method.java:498)
at org.testng.internal.MethodInvocationHelper.invokeMethod(MethodInvocationHelper.java:133)
at org.testng.internal.TestInvoker.invokeMethod(TestInvoker.java:584)
at org.testng.internal.TestInvoker.invokeTestMethod(TestInvoker.java:172)
at org.testng.internal.MethodRunner.runInSequence(MethodRunner.java:46)
at org.testng.internal.TestInvoker$MethodInvocationAgent.invoke(TestInvoker.java:804)
at org.testng.internal.TestInvoker.invokeTestMethods(TestInvoker.java:145)
at org.testng.internal.TestMethodWorker.invokeTestMethods(TestMethodWorker.java:146)
at org.testng.internal.TestMethodWorker.run(TestMethodWorker.java:128)
at java.util.ArrayList.forEach(ArrayList.java:1257)
at org.testng.TestRunner.privateRun(TestRunner.java:770)
at org.testng.TestRunner.run(TestRunner.java:591)
at org.testng.SuiteRunner.runTest(SuiteRunner.java:402)
at org.testng.SuiteRunner.runSequentially(SuiteRunner.java:396)
at org.testng.SuiteRunner.privateRun(SuiteRunner.java:355)
at org.testng.SuiteRunner.run(SuiteRunner.java:304)
at org.testng.SuiteRunnerWorker.runSuite(SuiteRunnerWorker.java:53)
at org.testng.SuiteRunnerWorker.run(SuiteRunnerWorker.java:96)
at org.testng.TestNG.runSuitesSequentially(TestNG.java:1180)
at org.testng.TestNG.runSuitesLocally(TestNG.java:1102)
at org.testng.TestNG.runSuites(TestNG.java:1032)
at org.testng.TestNG.run(TestNG.java:1000)
at org.testng.remote.AbstractRemoteTestNG.run(AbstractRemoteTestNG.java:115)
at org.testng.remote.RemoteTestNG.initAndRun(RemoteTestNG.java:251)
at org.testng.remote.RemoteTestNG.main(RemoteTestNG.java:77)
Caused by: org.openqa.selenium.TimeoutException: Expected condition failed: waiting for io.appium.java_client.pagefactory.AppiumElementLocator$WaitingFunction@16db70a0 (tried for 1 second(s) with 500 milliseconds interval)
at org.openqa.selenium.support.ui.FluentWait.timeoutException(FluentWait.java:304)
at org.openqa.selenium.support.ui.FluentWait.until(FluentWait.java:272)
at io.appium.java_client.pagefactory.AppiumElementLocator.waitFor(AppiumElementLocator.java:99)
at io.appium.java_client.pagefactory.AppiumElementLocator.findElement(AppiumElementLocator.java:119)
... 33 more
Caused by: org.openqa.selenium.NoSuchElementException: An element could not be located on the page using the given search parameters.
For documentation on this error, please visit: https://www.seleniumhq.org/exceptions/no_such_element.html
Build info: version: '3.141.59', revision: 'e82be7d358', time: '2018-11-14T08:17:03'
System info: host: 'TD247E-M011.local', ip: 'fe80:0:0:0:1c9f:209e:fae1:69f1%en0', os.name: 'Mac OS X', os.arch: 'x86_64', os.version: '10.14.6', java.version: '1.8.0_221'
Driver info: io.appium.java_client.ios.IOSDriver
Capabilities {automationName: XCUITest, browserName: , bundleId: com.axa.mydoctor, databaseEnabled: false, deviceName: iPhone 6s plus, javascriptEnabled: true, locationContextEnabled: false, networkConnectionEnabled: false, noReset: false, platform: MAC, platformName: iOS, platformVersion: 13.1.2, takesScreenshot: true, udid: 397ad5ca4c76b2e8fde361cbfef..., unicodeKeyboard: true, usePrebuiltWDA: true, webStorageEnabled: false}
Session ID: d88dc5ca-41f3-4c5b-8938-2afbd6f74f95
*** Element info: {Using=id, value=ReadingTypeAddManualReadingTableTextField}
at sun.reflect.GeneratedConstructorAccessor38.newInstance(Unknown Source)
at sun.reflect.DelegatingConstructorAccessorImpl.newInstance(DelegatingConstructorAccessorImpl.java:45)
at java.lang.reflect.Constructor.newInstance(Constructor.java:423)
at org.openqa.selenium.remote.http.W3CHttpResponseCodec.createException(W3CHttpResponseCodec.java:187)
at org.openqa.selenium.remote.http.W3CHttpResponseCodec.decode(W3CHttpResponseCodec.java:122)
at org.openqa.selenium.remote.http.W3CHttpResponseCodec.decode(W3CHttpResponseCodec.java:49)
at org.openqa.selenium.remote.HttpCommandExecutor.execute(HttpCommandExecutor.java:158)
at io.appium.java_client.remote.AppiumCommandExecutor.execute(AppiumCommandExecutor.java:239)
at org.openqa.selenium.remote.RemoteWebDriver.execute(RemoteWebDriver.java:552)
at io.appium.java_client.DefaultGenericMobileDriver.execute(DefaultGenericMobileDriver.java:42)
at io.appium.java_client.AppiumDriver.execute(AppiumDriver.java:1)
at io.appium.java_client.ios.IOSDriver.execute(IOSDriver.java:1)
at org.openqa.selenium.remote.RemoteWebDriver.findElement(RemoteWebDriver.java:323)
at io.appium.java_client.DefaultGenericMobileDriver.findElement(DefaultGenericMobileDriver.java:62)
at io.appium.java_client.AppiumDriver.findElement(AppiumDriver.java:1)
at io.appium.java_client.ios.IOSDriver.findElement(IOSDriver.java:1)
at org.openqa.selenium.remote.RemoteWebDriver.findElementById(RemoteWebDriver.java:372)
at io.appium.java_client.DefaultGenericMobileDriver.findElementById(DefaultGenericMobileDriver.java:70)
at io.appium.java_client.AppiumDriver.findElementById(AppiumDriver.java:1)
at io.appium.java_client.ios.IOSDriver.findElementById(IOSDriver.java:1)
at org.openqa.selenium.By$ById.findElement(By.java:188)
at org.openqa.selenium.remote.RemoteWebDriver.findElement(RemoteWebDriver.java:315)
at io.appium.java_client.DefaultGenericMobileDriver.findElement(DefaultGenericMobileDriver.java:58)
at io.appium.java_client.AppiumDriver.findElement(AppiumDriver.java:1)
at io.appium.java_client.ios.IOSDriver.findElement(IOSDriver.java:1)
at io.appium.java_client.pagefactory.bys.ContentMappedBy.findElement(ContentMappedBy.java:50)
at org.openqa.selenium.remote.RemoteWebDriver.findElement(RemoteWebDriver.java:315)
at io.appium.java_client.DefaultGenericMobileDriver.findElement(DefaultGenericMobileDriver.java:58)
at io.appium.java_client.AppiumDriver.findElement(AppiumDriver.java:1)
at io.appium.java_client.ios.IOSDriver.findElement(IOSDriver.java:1)
at io.appium.java_client.pagefactory.AppiumElementLocator.lambda$0(AppiumElementLocator.java:120)
at io.appium.java_client.pagefactory.AppiumElementLocator$WaitingFunction.apply(AppiumElementLocator.java:172)
at io.appium.java_client.pagefactory.AppiumElementLocator$WaitingFunction.apply(AppiumElementLocator.java:1)
at org.openqa.selenium.support.ui.FluentWait.until(FluentWait.java:249)
... 35 more
]]>
    </failure>
  </testcase> <!-- Add_Temperature -->
  <testcase name="Add_Respiration_Rate" time="25.17" classname="englishArabic_TCs.ReadingsTCs"/>
  <testcase name="Add_Respiration_Rate" time="23.358" classname="englishArabic_TCs.ReadingsTCs"/>
  <testcase name="Add_Respiration_Rate" time="24.628" classname="englishArabic_TCs.ReadingsTCs"/>
  <testcase name="Add_Respiration_Rate" time="24.54" classname="englishArabic_TCs.ReadingsTCs"/>
  <testcase name="Add_Respiration_Rate" time="22.469" classname="englishArabic_TCs.ReadingsTCs"/>
  <testcase name="Add_Respiration_Rate" time="24.865" classname="englishArabic_TCs.ReadingsTCs"/>
  <testcase name="Add_Respiration_Rate" time="21.207" classname="englishArabic_TCs.ReadingsTCs"/>
  <testcase name="Add_Respiration_Rate" time="23.584" classname="englishArabic_TCs.ReadingsTCs"/>
  <testcase name="Add_Respiration_Rate" time="20.558" classname="englishArabic_TCs.ReadingsTCs"/>
  <testcase name="Add_Respiration_Rate" time="20.909" classname="englishArabic_TCs.ReadingsTCs"/>
  <testcase name="Add_Respiration_Rate" time="23.154" classname="englishArabic_TCs.ReadingsTCs"/>
  <testcase name="Add_Respiration_Rate" time="23.256" classname="englishArabic_TCs.ReadingsTCs"/>
  <testcase name="Add_Respiration_Rate" time="23.465" classname="englishArabic_TCs.ReadingsTCs"/>
  <testcase name="Add_Respiration_Rate" time="23.257" classname="englishArabic_TCs.ReadingsTCs"/>
  <testcase name="Add_Respiration_Rate" time="20.914" classname="englishArabic_TCs.ReadingsTCs"/>
  <testcase name="Add_Respiration_Rate" time="20.794" classname="englishArabic_TCs.ReadingsTCs"/>
  <testcase name="Add_BMI" time="29.233" classname="englishArabic_TCs.ReadingsTCs"/>
  <testcase name="Add_BMI" time="32.755" classname="englishArabic_TCs.ReadingsTCs"/>
  <testcase name="Add_BMI" time="30.937" classname="englishArabic_TCs.ReadingsTCs"/>
  <testcase name="Add_BMI" time="29.107" classname="englishArabic_TCs.ReadingsTCs"/>
  <testcase name="Add_BMI" time="33.881" classname="englishArabic_TCs.ReadingsTCs"/>
  <testcase name="Add_BMI" time="38.099" classname="englishArabic_TCs.ReadingsTCs"/>
  <testcase name="Add_BMI" time="36.074" classname="englishArabic_TCs.ReadingsTCs"/>
  <testcase name="Add_Bones_Mass" time="31.103" classname="englishArabic_TCs.ReadingsTCs"/>
  <testcase name="Add_Bones_Mass" time="26.057" classname="englishArabic_TCs.ReadingsTCs"/>
  <testcase name="Add_Bones_Mass" time="22.253" classname="englishArabic_TCs.ReadingsTCs"/>
  <testcase name="Add_Bones_Mass" time="22.556" classname="englishArabic_TCs.ReadingsTCs"/>
  <testcase name="Add_Muscle_Mass" time="31.996" classname="englishArabic_TCs.ReadingsTCs"/>
  <testcase name="Add_Muscle_Mass" time="28.014" classname="englishArabic_TCs.ReadingsTCs"/>
  <testcase name="Add_Muscle_Mass" time="27.315" classname="englishArabic_TCs.ReadingsTCs"/>
  <testcase name="Add_Muscle_Mass" time="26.861" classname="englishArabic_TCs.ReadingsTCs"/>
  <testcase name="Add_Muscle_Mass" time="27.214" classname="englishArabic_TCs.ReadingsTCs"/>
  <testcase name="Add_Muscle_Mass" time="24.067" classname="englishArabic_TCs.ReadingsTCs"/>
  <testcase name="Add_Muscle_Mass" time="27.106" classname="englishArabic_TCs.ReadingsTCs"/>
  <testcase name="Add_Muscle_Mass" time="27.016" classname="englishArabic_TCs.ReadingsTCs"/>
  <testcase name="Add_body_Fat" time="29.824" classname="englishArabic_TCs.ReadingsTCs"/>
  <testcase name="Add_body_Fat" time="32.055" classname="englishArabic_TCs.ReadingsTCs"/>
  <testcase name="Add_body_Fat" time="27.221" classname="englishArabic_TCs.ReadingsTCs"/>
  <testcase name="Add_body_Fat" time="24.465" classname="englishArabic_TCs.ReadingsTCs"/>
  <testcase name="Add_body_Fat" time="27.206" classname="englishArabic_TCs.ReadingsTCs"/>
  <testcase name="Add_body_Fat" time="27.451" classname="englishArabic_TCs.ReadingsTCs"/>
  <testcase name="Add_body_Fat" time="26.764" classname="englishArabic_TCs.ReadingsTCs"/>
  <testcase name="Add_body_Fat" time="27.167" classname="englishArabic_TCs.ReadingsTCs"/>
  <testcase name="Add_body_Water" time="27.589" classname="englishArabic_TCs.ReadingsTCs"/>
  <testcase name="Add_body_Water" time="27.276" classname="englishArabic_TCs.ReadingsTCs"/>
  <testcase name="Add_body_Water" time="27.298" classname="englishArabic_TCs.ReadingsTCs"/>
  <testcase name="Add_body_Water" time="26.761" classname="englishArabic_TCs.ReadingsTCs"/>
  <testcase name="Add_body_Water" time="24.515" classname="englishArabic_TCs.ReadingsTCs"/>
  <testcase name="Add_body_Water" time="28.104" classname="englishArabic_TCs.ReadingsTCs"/>
  <testcase name="Add_Fasceral_Fat" time="20.673" classname="englishArabic_TCs.ReadingsTCs"/>
  <testcase name="Add_Fasceral_Fat" time="20.762" classname="englishArabic_TCs.ReadingsTCs"/>
</testsuite> <!-- Default test -->
