<?xml version="1.0" encoding="UTF-8"?>
<!-- Generated by org.testng.reporters.JUnitReportReporter -->
<testsuite skipped="0" hostname="TD247E-M011.local" name="englishArabic_TCs.ReadingsTCs" tests="161" failures="0" timestamp="2019-12-25T16:35:53 EET" time="3871.805" errors="7">
  <testcase name="login" time="10.451" classname="englishArabic_TCs.ReadingsTCs"/>
  <testcase name="ShowAllReadingsCells" time="37.579" classname="englishArabic_TCs.ReadingsTCs"/>
  <testcase name="Add_Steps" time="18.861" classname="englishArabic_TCs.ReadingsTCs"/>
  <testcase name="Add_BloodSugar" time="21.883" classname="englishArabic_TCs.ReadingsTCs"/>
  <testcase name="Add_BloodSugar" time="0.076" classname="englishArabic_TCs.ReadingsTCs"/>
  <testcase name="Add_BloodSugar" time="0.073" classname="englishArabic_TCs.ReadingsTCs"/>
  <testcase name="Add_BloodSugar" time="0.072" classname="englishArabic_TCs.ReadingsTCs"/>
  <testcase name="Add_BloodSugar" time="21.844" classname="englishArabic_TCs.ReadingsTCs">
    <error type="junit.framework.ComparisonFailure" message="expected:&lt;Low&gt; but was:&lt;High&gt;">
      <![CDATA[junit.framework.ComparisonFailure: expected:<Low> but was:<High>
at junit.framework.Assert.assertEquals(Assert.java:81)
at junit.framework.Assert.assertEquals(Assert.java:87)
at englishArabic_TCs.ReadingsTCs.Add_BloodSugar(ReadingsTCs.java:198)
at sun.reflect.NativeMethodAccessorImpl.invoke0(Native Method)
at sun.reflect.NativeMethodAccessorImpl.invoke(NativeMethodAccessorImpl.java:62)
at sun.reflect.DelegatingMethodAccessorImpl.invoke(DelegatingMethodAccessorImpl.java:43)
at java.lang.reflect.Method.invoke(Method.java:498)
at org.testng.internal.MethodInvocationHelper.invokeMethod(MethodInvocationHelper.java:133)
at org.testng.internal.TestInvoker.invokeMethod(TestInvoker.java:584)
at org.testng.internal.TestInvoker.invokeTestMethod(TestInvoker.java:172)
at org.testng.internal.MethodRunner.runInSequence(MethodRunner.java:46)
at org.testng.internal.TestInvoker$MethodInvocationAgent.invoke(TestInvoker.java:804)
at org.testng.internal.TestInvoker.invokeTestMethods(TestInvoker.java:145)
at org.testng.internal.TestMethodWorker.invokeTestMethods(TestMethodWorker.java:146)
at org.testng.internal.TestMethodWorker.run(TestMethodWorker.java:128)
at java.util.ArrayList.forEach(ArrayList.java:1257)
at org.testng.TestRunner.privateRun(TestRunner.java:770)
at org.testng.TestRunner.run(TestRunner.java:591)
at org.testng.SuiteRunner.runTest(SuiteRunner.java:402)
at org.testng.SuiteRunner.runSequentially(SuiteRunner.java:396)
at org.testng.SuiteRunner.privateRun(SuiteRunner.java:355)
at org.testng.SuiteRunner.run(SuiteRunner.java:304)
at org.testng.SuiteRunnerWorker.runSuite(SuiteRunnerWorker.java:53)
at org.testng.SuiteRunnerWorker.run(SuiteRunnerWorker.java:96)
at org.testng.TestNG.runSuitesSequentially(TestNG.java:1180)
at org.testng.TestNG.runSuitesLocally(TestNG.java:1102)
at org.testng.TestNG.runSuites(TestNG.java:1032)
at org.testng.TestNG.run(TestNG.java:1000)
at org.testng.remote.AbstractRemoteTestNG.run(AbstractRemoteTestNG.java:115)
at org.testng.remote.RemoteTestNG.initAndRun(RemoteTestNG.java:251)
at org.testng.remote.RemoteTestNG.main(RemoteTestNG.java:77)
]]>
    </error>
  </testcase> <!-- Add_BloodSugar -->
  <testcase name="Add_BloodSugar" time="21.770" classname="englishArabic_TCs.ReadingsTCs"/>
  <testcase name="Add_BloodSugar" time="24.708" classname="englishArabic_TCs.ReadingsTCs"/>
  <testcase name="Add_BloodSugar" time="0.063" classname="englishArabic_TCs.ReadingsTCs"/>
  <testcase name="Add_BloodSugar" time="21.825" classname="englishArabic_TCs.ReadingsTCs"/>
  <testcase name="Add_BloodSugar" time="0.044" classname="englishArabic_TCs.ReadingsTCs"/>
  <testcase name="Add_BloodSugar" time="21.912" classname="englishArabic_TCs.ReadingsTCs">
    <error type="junit.framework.ComparisonFailure" message="expected:&lt;Low&gt; but was:&lt;High&gt;">
      <![CDATA[junit.framework.ComparisonFailure: expected:<Low> but was:<High>
at junit.framework.Assert.assertEquals(Assert.java:81)
at junit.framework.Assert.assertEquals(Assert.java:87)
at englishArabic_TCs.ReadingsTCs.Add_BloodSugar(ReadingsTCs.java:198)
at sun.reflect.NativeMethodAccessorImpl.invoke0(Native Method)
at sun.reflect.NativeMethodAccessorImpl.invoke(NativeMethodAccessorImpl.java:62)
at sun.reflect.DelegatingMethodAccessorImpl.invoke(DelegatingMethodAccessorImpl.java:43)
at java.lang.reflect.Method.invoke(Method.java:498)
at org.testng.internal.MethodInvocationHelper.invokeMethod(MethodInvocationHelper.java:133)
at org.testng.internal.TestInvoker.invokeMethod(TestInvoker.java:584)
at org.testng.internal.TestInvoker.invokeTestMethod(TestInvoker.java:172)
at org.testng.internal.MethodRunner.runInSequence(MethodRunner.java:46)
at org.testng.internal.TestInvoker$MethodInvocationAgent.invoke(TestInvoker.java:804)
at org.testng.internal.TestInvoker.invokeTestMethods(TestInvoker.java:145)
at org.testng.internal.TestMethodWorker.invokeTestMethods(TestMethodWorker.java:146)
at org.testng.internal.TestMethodWorker.run(TestMethodWorker.java:128)
at java.util.ArrayList.forEach(ArrayList.java:1257)
at org.testng.TestRunner.privateRun(TestRunner.java:770)
at org.testng.TestRunner.run(TestRunner.java:591)
at org.testng.SuiteRunner.runTest(SuiteRunner.java:402)
at org.testng.SuiteRunner.runSequentially(SuiteRunner.java:396)
at org.testng.SuiteRunner.privateRun(SuiteRunner.java:355)
at org.testng.SuiteRunner.run(SuiteRunner.java:304)
at org.testng.SuiteRunnerWorker.runSuite(SuiteRunnerWorker.java:53)
at org.testng.SuiteRunnerWorker.run(SuiteRunnerWorker.java:96)
at org.testng.TestNG.runSuitesSequentially(TestNG.java:1180)
at org.testng.TestNG.runSuitesLocally(TestNG.java:1102)
at org.testng.TestNG.runSuites(TestNG.java:1032)
at org.testng.TestNG.run(TestNG.java:1000)
at org.testng.remote.AbstractRemoteTestNG.run(AbstractRemoteTestNG.java:115)
at org.testng.remote.RemoteTestNG.initAndRun(RemoteTestNG.java:251)
at org.testng.remote.RemoteTestNG.main(RemoteTestNG.java:77)
]]>
    </error>
  </testcase> <!-- Add_BloodSugar -->
  <testcase name="Add_BloodSugar" time="22.019" classname="englishArabic_TCs.ReadingsTCs"/>
  <testcase name="Add_BloodSugar" time="21.935" classname="englishArabic_TCs.ReadingsTCs"/>
  <testcase name="Add_BloodSugar" time="0.036" classname="englishArabic_TCs.ReadingsTCs"/>
  <testcase name="Add_BloodSugar" time="24.349" classname="englishArabic_TCs.ReadingsTCs"/>
  <testcase name="Add_BloodSugar" time="24.319" classname="englishArabic_TCs.ReadingsTCs"/>
  <testcase name="Add_BloodSugar" time="0.038" classname="englishArabic_TCs.ReadingsTCs"/>
  <testcase name="Add_BloodSugar" time="0.045" classname="englishArabic_TCs.ReadingsTCs"/>
  <testcase name="Add_BloodSugar" time="0.046" classname="englishArabic_TCs.ReadingsTCs"/>
  <testcase name="Add_BloodSugar" time="21.999" classname="englishArabic_TCs.ReadingsTCs"/>
  <testcase name="Add_BloodSugar" time="0.036" classname="englishArabic_TCs.ReadingsTCs"/>
  <testcase name="Add_BloodSugar" time="22.553" classname="englishArabic_TCs.ReadingsTCs"/>
  <testcase name="Add_BloodSugar" time="0.399" classname="englishArabic_TCs.ReadingsTCs"/>
  <testcase name="Add_BloodSugar" time="0.049" classname="englishArabic_TCs.ReadingsTCs"/>
  <testcase name="Add_Oxygen_Level" time="0.048" classname="englishArabic_TCs.ReadingsTCs"/>
  <testcase name="Add_Oxygen_Level" time="22.647" classname="englishArabic_TCs.ReadingsTCs"/>
  <testcase name="Add_Oxygen_Level" time="24.682" classname="englishArabic_TCs.ReadingsTCs"/>
  <testcase name="Add_Oxygen_Level" time="0.073" classname="englishArabic_TCs.ReadingsTCs"/>
  <testcase name="Add_Oxygen_Level" time="0.057" classname="englishArabic_TCs.ReadingsTCs"/>
  <testcase name="Add_Oxygen_Level" time="0.066" classname="englishArabic_TCs.ReadingsTCs"/>
  <testcase name="Add_Oxygen_Level" time="24.793" classname="englishArabic_TCs.ReadingsTCs"/>
  <testcase name="Add_Oxygen_Level" time="0.037" classname="englishArabic_TCs.ReadingsTCs"/>
  <testcase name="Add_Oxygen_Level" time="22.124" classname="englishArabic_TCs.ReadingsTCs"/>
  <testcase name="Add_Oxygen_Level" time="22.807" classname="englishArabic_TCs.ReadingsTCs"/>
  <testcase name="Add_Oxygen_Level" time="23.221" classname="englishArabic_TCs.ReadingsTCs"/>
  <testcase name="Add_Oxygen_Level" time="22.039" classname="englishArabic_TCs.ReadingsTCs"/>
  <testcase name="Add_Oxygen_Level" time="0.036" classname="englishArabic_TCs.ReadingsTCs"/>
  <testcase name="Add_Oxygen_Level" time="0.038" classname="englishArabic_TCs.ReadingsTCs"/>
  <testcase name="Add_Oxygen_Level" time="0.031" classname="englishArabic_TCs.ReadingsTCs"/>
  <testcase name="Add_Oxygen_Level" time="0.037" classname="englishArabic_TCs.ReadingsTCs"/>
  <testcase name="Add_Oxygen_Level" time="0.063" classname="englishArabic_TCs.ReadingsTCs"/>
  <testcase name="Add_Oxygen_Level" time="24.822" classname="englishArabic_TCs.ReadingsTCs"/>
  <testcase name="Add_Oxygen_Level" time="22.037" classname="englishArabic_TCs.ReadingsTCs"/>
  <testcase name="Add_Oxygen_Level" time="24.653" classname="englishArabic_TCs.ReadingsTCs"/>
  <testcase name="Add_Blood_Pressure" time="30.203" classname="englishArabic_TCs.ReadingsTCs"/>
  <testcase name="Add_Blood_Pressure" time="30.241" classname="englishArabic_TCs.ReadingsTCs"/>
  <testcase name="Add_Blood_Pressure" time="30.996" classname="englishArabic_TCs.ReadingsTCs"/>
  <testcase name="Add_Blood_Pressure" time="30.174" classname="englishArabic_TCs.ReadingsTCs"/>
  <testcase name="Add_Blood_Pressure" time="28.093" classname="englishArabic_TCs.ReadingsTCs"/>
  <testcase name="Add_Blood_Pressure" time="30.413" classname="englishArabic_TCs.ReadingsTCs"/>
  <testcase name="Add_Blood_Pressure" time="27.640" classname="englishArabic_TCs.ReadingsTCs"/>
  <testcase name="Add_Blood_Pressure" time="28.196" classname="englishArabic_TCs.ReadingsTCs"/>
  <testcase name="Add_Blood_Pressure" time="27.882" classname="englishArabic_TCs.ReadingsTCs"/>
  <testcase name="Add_Blood_Pressure" time="29.984" classname="englishArabic_TCs.ReadingsTCs"/>
  <testcase name="Add_Blood_Pressure" time="57.869" classname="englishArabic_TCs.ReadingsTCs"/>
  <testcase name="Add_Blood_Pressure" time="27.852" classname="englishArabic_TCs.ReadingsTCs"/>
  <testcase name="Add_Blood_Pressure" time="30.640" classname="englishArabic_TCs.ReadingsTCs"/>
  <testcase name="Add_Blood_Pressure" time="50.185" classname="englishArabic_TCs.ReadingsTCs">
    <error type="org.openqa.selenium.NoSuchElementException" message="Can&#039;t locate an element by this strategy: By.id: readingsDiastolicAddManualReadingTableTextField">
      <![CDATA[org.openqa.selenium.NoSuchElementException: Can't locate an element by this strategy: By.id: readingsDiastolicAddManualReadingTableTextField
at io.appium.java_client.pagefactory.AppiumElementLocator.findElement(AppiumElementLocator.java:126)
at io.appium.java_client.pagefactory.interceptors.InterceptorOfASingleElement.intercept(InterceptorOfASingleElement.java:59)
at io.appium.java_client.ios.IOSElement$$EnhancerByCGLIB$$d311658.clear(<generated>)
at pages.PageBase.clearAndSetText(PageBase.java:106)
at pages.AddNewReadingPage.Add_Blood_Pressure(AddNewReadingPage.java:361)
at englishArabic_TCs.ReadingsTCs.Add_Blood_Pressure(ReadingsTCs.java:229)
at sun.reflect.GeneratedMethodAccessor91.invoke(Unknown Source)
at sun.reflect.DelegatingMethodAccessorImpl.invoke(DelegatingMethodAccessorImpl.java:43)
at java.lang.reflect.Method.invoke(Method.java:498)
at org.testng.internal.MethodInvocationHelper.invokeMethod(MethodInvocationHelper.java:133)
at org.testng.internal.TestInvoker.invokeMethod(TestInvoker.java:584)
at org.testng.internal.TestInvoker.invokeTestMethod(TestInvoker.java:172)
at org.testng.internal.MethodRunner.runInSequence(MethodRunner.java:46)
at org.testng.internal.TestInvoker$MethodInvocationAgent.invoke(TestInvoker.java:804)
at org.testng.internal.TestInvoker.invokeTestMethods(TestInvoker.java:145)
at org.testng.internal.TestMethodWorker.invokeTestMethods(TestMethodWorker.java:146)
at org.testng.internal.TestMethodWorker.run(TestMethodWorker.java:128)
at java.util.ArrayList.forEach(ArrayList.java:1257)
at org.testng.TestRunner.privateRun(TestRunner.java:770)
at org.testng.TestRunner.run(TestRunner.java:591)
at org.testng.SuiteRunner.runTest(SuiteRunner.java:402)
at org.testng.SuiteRunner.runSequentially(SuiteRunner.java:396)
at org.testng.SuiteRunner.privateRun(SuiteRunner.java:355)
at org.testng.SuiteRunner.run(SuiteRunner.java:304)
at org.testng.SuiteRunnerWorker.runSuite(SuiteRunnerWorker.java:53)
at org.testng.SuiteRunnerWorker.run(SuiteRunnerWorker.java:96)
at org.testng.TestNG.runSuitesSequentially(TestNG.java:1180)
at org.testng.TestNG.runSuitesLocally(TestNG.java:1102)
at org.testng.TestNG.runSuites(TestNG.java:1032)
at org.testng.TestNG.run(TestNG.java:1000)
at org.testng.remote.AbstractRemoteTestNG.run(AbstractRemoteTestNG.java:115)
at org.testng.remote.RemoteTestNG.initAndRun(RemoteTestNG.java:251)
at org.testng.remote.RemoteTestNG.main(RemoteTestNG.java:77)
Caused by: org.openqa.selenium.TimeoutException: Expected condition failed: waiting for io.appium.java_client.pagefactory.AppiumElementLocator$WaitingFunction@468eff41 (tried for 1 second(s) with 500 milliseconds interval)
at org.openqa.selenium.support.ui.FluentWait.timeoutException(FluentWait.java:304)
at org.openqa.selenium.support.ui.FluentWait.until(FluentWait.java:272)
at io.appium.java_client.pagefactory.AppiumElementLocator.waitFor(AppiumElementLocator.java:99)
at io.appium.java_client.pagefactory.AppiumElementLocator.findElement(AppiumElementLocator.java:119)
... 32 more
Caused by: org.openqa.selenium.NoSuchElementException: An element could not be located on the page using the given search parameters.
For documentation on this error, please visit: https://www.seleniumhq.org/exceptions/no_such_element.html
Build info: version: '3.141.59', revision: 'e82be7d358', time: '2018-11-14T08:17:03'
System info: host: 'TD247E-M011.local', ip: 'fe80:0:0:0:1c9f:209e:fae1:69f1%en0', os.name: 'Mac OS X', os.arch: 'x86_64', os.version: '10.14.6', java.version: '1.8.0_221'
Driver info: io.appium.java_client.ios.IOSDriver
Capabilities {automationName: XCUITest, browserName: , bundleId: com.axa.mydoctor, databaseEnabled: false, deviceName: iPhone 6s plus, javascriptEnabled: true, locationContextEnabled: false, networkConnectionEnabled: false, noReset: false, platform: MAC, platformName: iOS, platformVersion: 13.1.2, takesScreenshot: true, udid: 397ad5ca4c76b2e8fde361cbfef..., unicodeKeyboard: true, usePrebuiltWDA: true, webStorageEnabled: false}
Session ID: d88dc5ca-41f3-4c5b-8938-2afbd6f74f95
*** Element info: {Using=id, value=readingsDiastolicAddManualReadingTableTextField}
at sun.reflect.GeneratedConstructorAccessor38.newInstance(Unknown Source)
at sun.reflect.DelegatingConstructorAccessorImpl.newInstance(DelegatingConstructorAccessorImpl.java:45)
at java.lang.reflect.Constructor.newInstance(Constructor.java:423)
at org.openqa.selenium.remote.http.W3CHttpResponseCodec.createException(W3CHttpResponseCodec.java:187)
at org.openqa.selenium.remote.http.W3CHttpResponseCodec.decode(W3CHttpResponseCodec.java:122)
at org.openqa.selenium.remote.http.W3CHttpResponseCodec.decode(W3CHttpResponseCodec.java:49)
at org.openqa.selenium.remote.HttpCommandExecutor.execute(HttpCommandExecutor.java:158)
at io.appium.java_client.remote.AppiumCommandExecutor.execute(AppiumCommandExecutor.java:239)
at org.openqa.selenium.remote.RemoteWebDriver.execute(RemoteWebDriver.java:552)
at io.appium.java_client.DefaultGenericMobileDriver.execute(DefaultGenericMobileDriver.java:42)
at io.appium.java_client.AppiumDriver.execute(AppiumDriver.java:1)
at io.appium.java_client.ios.IOSDriver.execute(IOSDriver.java:1)
at org.openqa.selenium.remote.RemoteWebDriver.findElement(RemoteWebDriver.java:323)
at io.appium.java_client.DefaultGenericMobileDriver.findElement(DefaultGenericMobileDriver.java:62)
at io.appium.java_client.AppiumDriver.findElement(AppiumDriver.java:1)
at io.appium.java_client.ios.IOSDriver.findElement(IOSDriver.java:1)
at org.openqa.selenium.remote.RemoteWebDriver.findElementById(RemoteWebDriver.java:372)
at io.appium.java_client.DefaultGenericMobileDriver.findElementById(DefaultGenericMobileDriver.java:70)
at io.appium.java_client.AppiumDriver.findElementById(AppiumDriver.java:1)
at io.appium.java_client.ios.IOSDriver.findElementById(IOSDriver.java:1)
at org.openqa.selenium.By$ById.findElement(By.java:188)
at org.openqa.selenium.remote.RemoteWebDriver.findElement(RemoteWebDriver.java:315)
at io.appium.java_client.DefaultGenericMobileDriver.findElement(DefaultGenericMobileDriver.java:58)
at io.appium.java_client.AppiumDriver.findElement(AppiumDriver.java:1)
at io.appium.java_client.ios.IOSDriver.findElement(IOSDriver.java:1)
at io.appium.java_client.pagefactory.bys.ContentMappedBy.findElement(ContentMappedBy.java:50)
at org.openqa.selenium.remote.RemoteWebDriver.findElement(RemoteWebDriver.java:315)
at io.appium.java_client.DefaultGenericMobileDriver.findElement(DefaultGenericMobileDriver.java:58)
at io.appium.java_client.AppiumDriver.findElement(AppiumDriver.java:1)
at io.appium.java_client.ios.IOSDriver.findElement(IOSDriver.java:1)
at io.appium.java_client.pagefactory.AppiumElementLocator.lambda$0(AppiumElementLocator.java:120)
at io.appium.java_client.pagefactory.AppiumElementLocator$WaitingFunction.apply(AppiumElementLocator.java:172)
at io.appium.java_client.pagefactory.AppiumElementLocator$WaitingFunction.apply(AppiumElementLocator.java:1)
at org.openqa.selenium.support.ui.FluentWait.until(FluentWait.java:249)
... 34 more
]]>
    </error>
  </testcase> <!-- Add_Blood_Pressure -->
  <testcase name="Add_Blood_Pressure" time="58.834" classname="englishArabic_TCs.ReadingsTCs"/>
  <testcase name="Add_Blood_Pressure" time="31.546" classname="englishArabic_TCs.ReadingsTCs"/>
  <testcase name="Add_Blood_Pressure" time="30.637" classname="englishArabic_TCs.ReadingsTCs"/>
  <testcase name="Add_Blood_Pressure" time="27.640" classname="englishArabic_TCs.ReadingsTCs"/>
  <testcase name="Add_Blood_Pressure" time="30.757" classname="englishArabic_TCs.ReadingsTCs"/>
  <testcase name="Add_Blood_Pressure" time="27.379" classname="englishArabic_TCs.ReadingsTCs"/>
  <testcase name="Add_Blood_Pressure" time="29.408" classname="englishArabic_TCs.ReadingsTCs"/>
  <testcase name="Add_Blood_Pressure" time="27.722" classname="englishArabic_TCs.ReadingsTCs"/>
  <testcase name="Add_Blood_Pressure" time="32.198" classname="englishArabic_TCs.ReadingsTCs"/>
  <testcase name="Add_Blood_Pressure" time="30.089" classname="englishArabic_TCs.ReadingsTCs"/>
  <testcase name="Add_Blood_Pressure" time="27.808" classname="englishArabic_TCs.ReadingsTCs"/>
  <testcase name="Add_Blood_Pressure" time="28.081" classname="englishArabic_TCs.ReadingsTCs"/>
  <testcase name="Add_Blood_Pressure" time="27.946" classname="englishArabic_TCs.ReadingsTCs"/>
  <testcase name="Add_Blood_Pressure" time="32.405" classname="englishArabic_TCs.ReadingsTCs"/>
  <testcase name="Add_Blood_Pressure" time="23.996" classname="englishArabic_TCs.ReadingsTCs">
    <error type="org.openqa.selenium.NoSuchElementException" message="Can&#039;t locate an element by this strategy: By.id: Add">
      <![CDATA[org.openqa.selenium.NoSuchElementException: Can't locate an element by this strategy: By.id: Add
at io.appium.java_client.pagefactory.AppiumElementLocator.findElement(AppiumElementLocator.java:126)
at io.appium.java_client.pagefactory.interceptors.InterceptorOfASingleElement.intercept(InterceptorOfASingleElement.java:59)
at io.appium.java_client.ios.IOSElement$$EnhancerByCGLIB$$d311658.click(<generated>)
at pages.PageBase.clickOn(PageBase.java:198)
at pages.AddNewReadingPage.Add_Blood_Pressure(AddNewReadingPage.java:362)
at englishArabic_TCs.ReadingsTCs.Add_Blood_Pressure(ReadingsTCs.java:229)
at sun.reflect.NativeMethodAccessorImpl.invoke0(Native Method)
at sun.reflect.NativeMethodAccessorImpl.invoke(NativeMethodAccessorImpl.java:62)
at sun.reflect.DelegatingMethodAccessorImpl.invoke(DelegatingMethodAccessorImpl.java:43)
at java.lang.reflect.Method.invoke(Method.java:498)
at org.testng.internal.MethodInvocationHelper.invokeMethod(MethodInvocationHelper.java:133)
at org.testng.internal.TestInvoker.invokeMethod(TestInvoker.java:584)
at org.testng.internal.TestInvoker.invokeTestMethod(TestInvoker.java:172)
at org.testng.internal.MethodRunner.runInSequence(MethodRunner.java:46)
at org.testng.internal.TestInvoker$MethodInvocationAgent.invoke(TestInvoker.java:804)
at org.testng.internal.TestInvoker.invokeTestMethods(TestInvoker.java:145)
at org.testng.internal.TestMethodWorker.invokeTestMethods(TestMethodWorker.java:146)
at org.testng.internal.TestMethodWorker.run(TestMethodWorker.java:128)
at java.util.ArrayList.forEach(ArrayList.java:1257)
at org.testng.TestRunner.privateRun(TestRunner.java:770)
at org.testng.TestRunner.run(TestRunner.java:591)
at org.testng.SuiteRunner.runTest(SuiteRunner.java:402)
at org.testng.SuiteRunner.runSequentially(SuiteRunner.java:396)
at org.testng.SuiteRunner.privateRun(SuiteRunner.java:355)
at org.testng.SuiteRunner.run(SuiteRunner.java:304)
at org.testng.SuiteRunnerWorker.runSuite(SuiteRunnerWorker.java:53)
at org.testng.SuiteRunnerWorker.run(SuiteRunnerWorker.java:96)
at org.testng.TestNG.runSuitesSequentially(TestNG.java:1180)
at org.testng.TestNG.runSuitesLocally(TestNG.java:1102)
at org.testng.TestNG.runSuites(TestNG.java:1032)
at org.testng.TestNG.run(TestNG.java:1000)
at org.testng.remote.AbstractRemoteTestNG.run(AbstractRemoteTestNG.java:115)
at org.testng.remote.RemoteTestNG.initAndRun(RemoteTestNG.java:251)
at org.testng.remote.RemoteTestNG.main(RemoteTestNG.java:77)
Caused by: org.openqa.selenium.TimeoutException: Expected condition failed: waiting for io.appium.java_client.pagefactory.AppiumElementLocator$WaitingFunction@21e702b8 (tried for 1 second(s) with 500 milliseconds interval)
at org.openqa.selenium.support.ui.FluentWait.timeoutException(FluentWait.java:304)
at org.openqa.selenium.support.ui.FluentWait.until(FluentWait.java:272)
at io.appium.java_client.pagefactory.AppiumElementLocator.waitFor(AppiumElementLocator.java:99)
at io.appium.java_client.pagefactory.AppiumElementLocator.findElement(AppiumElementLocator.java:119)
... 33 more
Caused by: org.openqa.selenium.NoSuchElementException: An element could not be located on the page using the given search parameters.
For documentation on this error, please visit: https://www.seleniumhq.org/exceptions/no_such_element.html
Build info: version: '3.141.59', revision: 'e82be7d358', time: '2018-11-14T08:17:03'
System info: host: 'TD247E-M011.local', ip: 'fe80:0:0:0:1c9f:209e:fae1:69f1%en0', os.name: 'Mac OS X', os.arch: 'x86_64', os.version: '10.14.6', java.version: '1.8.0_221'
Driver info: io.appium.java_client.ios.IOSDriver
Capabilities {automationName: XCUITest, browserName: , bundleId: com.axa.mydoctor, databaseEnabled: false, deviceName: iPhone 6s plus, javascriptEnabled: true, locationContextEnabled: false, networkConnectionEnabled: false, noReset: false, platform: MAC, platformName: iOS, platformVersion: 13.1.2, takesScreenshot: true, udid: 397ad5ca4c76b2e8fde361cbfef..., unicodeKeyboard: true, usePrebuiltWDA: true, webStorageEnabled: false}
Session ID: d88dc5ca-41f3-4c5b-8938-2afbd6f74f95
*** Element info: {Using=id, value=Add}
at sun.reflect.NativeConstructorAccessorImpl.newInstance0(Native Method)
at sun.reflect.NativeConstructorAccessorImpl.newInstance(NativeConstructorAccessorImpl.java:62)
at sun.reflect.DelegatingConstructorAccessorImpl.newInstance(DelegatingConstructorAccessorImpl.java:45)
at java.lang.reflect.Constructor.newInstance(Constructor.java:423)
at org.openqa.selenium.remote.http.W3CHttpResponseCodec.createException(W3CHttpResponseCodec.java:187)
at org.openqa.selenium.remote.http.W3CHttpResponseCodec.decode(W3CHttpResponseCodec.java:122)
at org.openqa.selenium.remote.http.W3CHttpResponseCodec.decode(W3CHttpResponseCodec.java:49)
at org.openqa.selenium.remote.HttpCommandExecutor.execute(HttpCommandExecutor.java:158)
at io.appium.java_client.remote.AppiumCommandExecutor.execute(AppiumCommandExecutor.java:239)
at org.openqa.selenium.remote.RemoteWebDriver.execute(RemoteWebDriver.java:552)
at io.appium.java_client.DefaultGenericMobileDriver.execute(DefaultGenericMobileDriver.java:42)
at io.appium.java_client.AppiumDriver.execute(AppiumDriver.java:1)
at io.appium.java_client.ios.IOSDriver.execute(IOSDriver.java:1)
at org.openqa.selenium.remote.RemoteWebDriver.findElement(RemoteWebDriver.java:323)
at io.appium.java_client.DefaultGenericMobileDriver.findElement(DefaultGenericMobileDriver.java:62)
at io.appium.java_client.AppiumDriver.findElement(AppiumDriver.java:1)
at io.appium.java_client.ios.IOSDriver.findElement(IOSDriver.java:1)
at org.openqa.selenium.remote.RemoteWebDriver.findElementById(RemoteWebDriver.java:372)
at io.appium.java_client.DefaultGenericMobileDriver.findElementById(DefaultGenericMobileDriver.java:70)
at io.appium.java_client.AppiumDriver.findElementById(AppiumDriver.java:1)
at io.appium.java_client.ios.IOSDriver.findElementById(IOSDriver.java:1)
at org.openqa.selenium.By$ById.findElement(By.java:188)
at org.openqa.selenium.remote.RemoteWebDriver.findElement(RemoteWebDriver.java:315)
at io.appium.java_client.DefaultGenericMobileDriver.findElement(DefaultGenericMobileDriver.java:58)
at io.appium.java_client.AppiumDriver.findElement(AppiumDriver.java:1)
at io.appium.java_client.ios.IOSDriver.findElement(IOSDriver.java:1)
at io.appium.java_client.pagefactory.bys.ContentMappedBy.findElement(ContentMappedBy.java:50)
at org.openqa.selenium.remote.RemoteWebDriver.findElement(RemoteWebDriver.java:315)
at io.appium.java_client.DefaultGenericMobileDriver.findElement(DefaultGenericMobileDriver.java:58)
at io.appium.java_client.AppiumDriver.findElement(AppiumDriver.java:1)
at io.appium.java_client.ios.IOSDriver.findElement(IOSDriver.java:1)
at io.appium.java_client.pagefactory.AppiumElementLocator.lambda$0(AppiumElementLocator.java:120)
at io.appium.java_client.pagefactory.AppiumElementLocator$WaitingFunction.apply(AppiumElementLocator.java:172)
at io.appium.java_client.pagefactory.AppiumElementLocator$WaitingFunction.apply(AppiumElementLocator.java:1)
at org.openqa.selenium.support.ui.FluentWait.until(FluentWait.java:249)
... 35 more
]]>
    </error>
  </testcase> <!-- Add_Blood_Pressure -->
  <testcase name="Add_Blood_Pressure" time="28.809" classname="englishArabic_TCs.ReadingsTCs"/>
  <testcase name="Add_Blood_Pressure" time="27.890" classname="englishArabic_TCs.ReadingsTCs"/>
  <testcase name="Add_Blood_Pressure" time="28.680" classname="englishArabic_TCs.ReadingsTCs"/>
  <testcase name="Add_Heart_Rate" time="65.625" classname="englishArabic_TCs.ReadingsTCs"/>
  <testcase name="Add_Heart_Rate" time="24.763" classname="englishArabic_TCs.ReadingsTCs"/>
  <testcase name="Add_Heart_Rate" time="51.805" classname="englishArabic_TCs.ReadingsTCs"/>
  <testcase name="Add_Heart_Rate" time="22.095" classname="englishArabic_TCs.ReadingsTCs"/>
  <testcase name="Add_Heart_Rate" time="37.307" classname="englishArabic_TCs.ReadingsTCs">
    <error type="org.openqa.selenium.NoSuchElementException" message="Can&#039;t locate an element by this strategy: By.id: ReadingTypeAddManualReadingTableTextField">
      <![CDATA[org.openqa.selenium.NoSuchElementException: Can't locate an element by this strategy: By.id: ReadingTypeAddManualReadingTableTextField
at io.appium.java_client.pagefactory.AppiumElementLocator.findElement(AppiumElementLocator.java:126)
at io.appium.java_client.pagefactory.interceptors.InterceptorOfASingleElement.intercept(InterceptorOfASingleElement.java:59)
at io.appium.java_client.ios.IOSElement$$EnhancerByCGLIB$$d311658.click(<generated>)
at pages.PageBase.clickOn(PageBase.java:198)
at pages.AddNewReadingPage.Add_Heart_Rate(AddNewReadingPage.java:379)
at englishArabic_TCs.ReadingsTCs.Add_Heart_Rate(ReadingsTCs.java:238)
at sun.reflect.NativeMethodAccessorImpl.invoke0(Native Method)
at sun.reflect.NativeMethodAccessorImpl.invoke(NativeMethodAccessorImpl.java:62)
at sun.reflect.DelegatingMethodAccessorImpl.invoke(DelegatingMethodAccessorImpl.java:43)
at java.lang.reflect.Method.invoke(Method.java:498)
at org.testng.internal.MethodInvocationHelper.invokeMethod(MethodInvocationHelper.java:133)
at org.testng.internal.TestInvoker.invokeMethod(TestInvoker.java:584)
at org.testng.internal.TestInvoker.invokeTestMethod(TestInvoker.java:172)
at org.testng.internal.MethodRunner.runInSequence(MethodRunner.java:46)
at org.testng.internal.TestInvoker$MethodInvocationAgent.invoke(TestInvoker.java:804)
at org.testng.internal.TestInvoker.invokeTestMethods(TestInvoker.java:145)
at org.testng.internal.TestMethodWorker.invokeTestMethods(TestMethodWorker.java:146)
at org.testng.internal.TestMethodWorker.run(TestMethodWorker.java:128)
at java.util.ArrayList.forEach(ArrayList.java:1257)
at org.testng.TestRunner.privateRun(TestRunner.java:770)
at org.testng.TestRunner.run(TestRunner.java:591)
at org.testng.SuiteRunner.runTest(SuiteRunner.java:402)
at org.testng.SuiteRunner.runSequentially(SuiteRunner.java:396)
at org.testng.SuiteRunner.privateRun(SuiteRunner.java:355)
at org.testng.SuiteRunner.run(SuiteRunner.java:304)
at org.testng.SuiteRunnerWorker.runSuite(SuiteRunnerWorker.java:53)
at org.testng.SuiteRunnerWorker.run(SuiteRunnerWorker.java:96)
at org.testng.TestNG.runSuitesSequentially(TestNG.java:1180)
at org.testng.TestNG.runSuitesLocally(TestNG.java:1102)
at org.testng.TestNG.runSuites(TestNG.java:1032)
at org.testng.TestNG.run(TestNG.java:1000)
at org.testng.remote.AbstractRemoteTestNG.run(AbstractRemoteTestNG.java:115)
at org.testng.remote.RemoteTestNG.initAndRun(RemoteTestNG.java:251)
at org.testng.remote.RemoteTestNG.main(RemoteTestNG.java:77)
Caused by: org.openqa.selenium.TimeoutException: Expected condition failed: waiting for io.appium.java_client.pagefactory.AppiumElementLocator$WaitingFunction@10587ce5 (tried for 1 second(s) with 500 milliseconds interval)
at org.openqa.selenium.support.ui.FluentWait.timeoutException(FluentWait.java:304)
at org.openqa.selenium.support.ui.FluentWait.until(FluentWait.java:272)
at io.appium.java_client.pagefactory.AppiumElementLocator.waitFor(AppiumElementLocator.java:99)
at io.appium.java_client.pagefactory.AppiumElementLocator.findElement(AppiumElementLocator.java:119)
... 33 more
Caused by: org.openqa.selenium.NoSuchElementException: An element could not be located on the page using the given search parameters.
For documentation on this error, please visit: https://www.seleniumhq.org/exceptions/no_such_element.html
Build info: version: '3.141.59', revision: 'e82be7d358', time: '2018-11-14T08:17:03'
System info: host: 'TD247E-M011.local', ip: 'fe80:0:0:0:1c9f:209e:fae1:69f1%en0', os.name: 'Mac OS X', os.arch: 'x86_64', os.version: '10.14.6', java.version: '1.8.0_221'
Driver info: io.appium.java_client.ios.IOSDriver
Capabilities {automationName: XCUITest, browserName: , bundleId: com.axa.mydoctor, databaseEnabled: false, deviceName: iPhone 6s plus, javascriptEnabled: true, locationContextEnabled: false, networkConnectionEnabled: false, noReset: false, platform: MAC, platformName: iOS, platformVersion: 13.1.2, takesScreenshot: true, udid: 397ad5ca4c76b2e8fde361cbfef..., unicodeKeyboard: true, usePrebuiltWDA: true, webStorageEnabled: false}
Session ID: d88dc5ca-41f3-4c5b-8938-2afbd6f74f95
*** Element info: {Using=id, value=ReadingTypeAddManualReadingTableTextField}
at sun.reflect.GeneratedConstructorAccessor38.newInstance(Unknown Source)
at sun.reflect.DelegatingConstructorAccessorImpl.newInstance(DelegatingConstructorAccessorImpl.java:45)
at java.lang.reflect.Constructor.newInstance(Constructor.java:423)
at org.openqa.selenium.remote.http.W3CHttpResponseCodec.createException(W3CHttpResponseCodec.java:187)
at org.openqa.selenium.remote.http.W3CHttpResponseCodec.decode(W3CHttpResponseCodec.java:122)
at org.openqa.selenium.remote.http.W3CHttpResponseCodec.decode(W3CHttpResponseCodec.java:49)
at org.openqa.selenium.remote.HttpCommandExecutor.execute(HttpCommandExecutor.java:158)
at io.appium.java_client.remote.AppiumCommandExecutor.execute(AppiumCommandExecutor.java:239)
at org.openqa.selenium.remote.RemoteWebDriver.execute(RemoteWebDriver.java:552)
at io.appium.java_client.DefaultGenericMobileDriver.execute(DefaultGenericMobileDriver.java:42)
at io.appium.java_client.AppiumDriver.execute(AppiumDriver.java:1)
at io.appium.java_client.ios.IOSDriver.execute(IOSDriver.java:1)
at org.openqa.selenium.remote.RemoteWebDriver.findElement(RemoteWebDriver.java:323)
at io.appium.java_client.DefaultGenericMobileDriver.findElement(DefaultGenericMobileDriver.java:62)
at io.appium.java_client.AppiumDriver.findElement(AppiumDriver.java:1)
at io.appium.java_client.ios.IOSDriver.findElement(IOSDriver.java:1)
at org.openqa.selenium.remote.RemoteWebDriver.findElementById(RemoteWebDriver.java:372)
at io.appium.java_client.DefaultGenericMobileDriver.findElementById(DefaultGenericMobileDriver.java:70)
at io.appium.java_client.AppiumDriver.findElementById(AppiumDriver.java:1)
at io.appium.java_client.ios.IOSDriver.findElementById(IOSDriver.java:1)
at org.openqa.selenium.By$ById.findElement(By.java:188)
at org.openqa.selenium.remote.RemoteWebDriver.findElement(RemoteWebDriver.java:315)
at io.appium.java_client.DefaultGenericMobileDriver.findElement(DefaultGenericMobileDriver.java:58)
at io.appium.java_client.AppiumDriver.findElement(AppiumDriver.java:1)
at io.appium.java_client.ios.IOSDriver.findElement(IOSDriver.java:1)
at io.appium.java_client.pagefactory.bys.ContentMappedBy.findElement(ContentMappedBy.java:50)
at org.openqa.selenium.remote.RemoteWebDriver.findElement(RemoteWebDriver.java:315)
at io.appium.java_client.DefaultGenericMobileDriver.findElement(DefaultGenericMobileDriver.java:58)
at io.appium.java_client.AppiumDriver.findElement(AppiumDriver.java:1)
at io.appium.java_client.ios.IOSDriver.findElement(IOSDriver.java:1)
at io.appium.java_client.pagefactory.AppiumElementLocator.lambda$0(AppiumElementLocator.java:120)
at io.appium.java_client.pagefactory.AppiumElementLocator$WaitingFunction.apply(AppiumElementLocator.java:172)
at io.appium.java_client.pagefactory.AppiumElementLocator$WaitingFunction.apply(AppiumElementLocator.java:1)
at org.openqa.selenium.support.ui.FluentWait.until(FluentWait.java:249)
... 35 more
]]>
    </error>
  </testcase> <!-- Add_Heart_Rate -->
  <testcase name="Add_Heart_Rate" time="25.467" classname="englishArabic_TCs.ReadingsTCs"/>
  <testcase name="Add_Heart_Rate" time="29.812" classname="englishArabic_TCs.ReadingsTCs"/>
  <testcase name="Add_Heart_Rate" time="55.753" classname="englishArabic_TCs.ReadingsTCs"/>
  <testcase name="Add_Heart_Rate" time="40.711" classname="englishArabic_TCs.ReadingsTCs"/>
  <testcase name="Add_Heart_Rate" time="25.014" classname="englishArabic_TCs.ReadingsTCs"/>
  <testcase name="Add_Heart_Rate" time="25.902" classname="englishArabic_TCs.ReadingsTCs"/>
  <testcase name="Add_Heart_Rate" time="28.713" classname="englishArabic_TCs.ReadingsTCs"/>
  <testcase name="Add_Heart_Rate" time="22.039" classname="englishArabic_TCs.ReadingsTCs"/>
  <testcase name="Add_Heart_Rate" time="34.775" classname="englishArabic_TCs.ReadingsTCs"/>
  <testcase name="Add_Heart_Rate" time="22.325" classname="englishArabic_TCs.ReadingsTCs"/>
  <testcase name="Add_Heart_Rate" time="22.669" classname="englishArabic_TCs.ReadingsTCs">
    <error type="org.openqa.selenium.NoSuchElementException" message="Can&#039;t locate an element by this strategy: By.id: HeartRateReadingsHomeaboveBelowNormalLabel">
      <![CDATA[org.openqa.selenium.NoSuchElementException: Can't locate an element by this strategy: By.id: HeartRateReadingsHomeaboveBelowNormalLabel
at io.appium.java_client.pagefactory.AppiumElementLocator.findElement(AppiumElementLocator.java:126)
at io.appium.java_client.pagefactory.interceptors.InterceptorOfASingleElement.intercept(InterceptorOfASingleElement.java:59)
at io.appium.java_client.ios.IOSElement$$EnhancerByCGLIB$$d311658.getText(<generated>)
at pages.AddNewReadingPage.Add_Heart_Rate(AddNewReadingPage.java:387)
at englishArabic_TCs.ReadingsTCs.Add_Heart_Rate(ReadingsTCs.java:238)
at sun.reflect.NativeMethodAccessorImpl.invoke0(Native Method)
at sun.reflect.NativeMethodAccessorImpl.invoke(NativeMethodAccessorImpl.java:62)
at sun.reflect.DelegatingMethodAccessorImpl.invoke(DelegatingMethodAccessorImpl.java:43)
at java.lang.reflect.Method.invoke(Method.java:498)
at org.testng.internal.MethodInvocationHelper.invokeMethod(MethodInvocationHelper.java:133)
at org.testng.internal.TestInvoker.invokeMethod(TestInvoker.java:584)
at org.testng.internal.TestInvoker.invokeTestMethod(TestInvoker.java:172)
at org.testng.internal.MethodRunner.runInSequence(MethodRunner.java:46)
at org.testng.internal.TestInvoker$MethodInvocationAgent.invoke(TestInvoker.java:804)
at org.testng.internal.TestInvoker.invokeTestMethods(TestInvoker.java:145)
at org.testng.internal.TestMethodWorker.invokeTestMethods(TestMethodWorker.java:146)
at org.testng.internal.TestMethodWorker.run(TestMethodWorker.java:128)
at java.util.ArrayList.forEach(ArrayList.java:1257)
at org.testng.TestRunner.privateRun(TestRunner.java:770)
at org.testng.TestRunner.run(TestRunner.java:591)
at org.testng.SuiteRunner.runTest(SuiteRunner.java:402)
at org.testng.SuiteRunner.runSequentially(SuiteRunner.java:396)
at org.testng.SuiteRunner.privateRun(SuiteRunner.java:355)
at org.testng.SuiteRunner.run(SuiteRunner.java:304)
at org.testng.SuiteRunnerWorker.runSuite(SuiteRunnerWorker.java:53)
at org.testng.SuiteRunnerWorker.run(SuiteRunnerWorker.java:96)
at org.testng.TestNG.runSuitesSequentially(TestNG.java:1180)
at org.testng.TestNG.runSuitesLocally(TestNG.java:1102)
at org.testng.TestNG.runSuites(TestNG.java:1032)
at org.testng.TestNG.run(TestNG.java:1000)
at org.testng.remote.AbstractRemoteTestNG.run(AbstractRemoteTestNG.java:115)
at org.testng.remote.RemoteTestNG.initAndRun(RemoteTestNG.java:251)
at org.testng.remote.RemoteTestNG.main(RemoteTestNG.java:77)
Caused by: org.openqa.selenium.TimeoutException: Expected condition failed: waiting for io.appium.java_client.pagefactory.AppiumElementLocator$WaitingFunction@3e94a6f6 (tried for 1 second(s) with 500 milliseconds interval)
at org.openqa.selenium.support.ui.FluentWait.timeoutException(FluentWait.java:304)
at org.openqa.selenium.support.ui.FluentWait.until(FluentWait.java:272)
at io.appium.java_client.pagefactory.AppiumElementLocator.waitFor(AppiumElementLocator.java:99)
at io.appium.java_client.pagefactory.AppiumElementLocator.findElement(AppiumElementLocator.java:119)
... 32 more
Caused by: org.openqa.selenium.NoSuchElementException: An element could not be located on the page using the given search parameters.
For documentation on this error, please visit: https://www.seleniumhq.org/exceptions/no_such_element.html
Build info: version: '3.141.59', revision: 'e82be7d358', time: '2018-11-14T08:17:03'
System info: host: 'TD247E-M011.local', ip: 'fe80:0:0:0:1c9f:209e:fae1:69f1%en0', os.name: 'Mac OS X', os.arch: 'x86_64', os.version: '10.14.6', java.version: '1.8.0_221'
Driver info: io.appium.java_client.ios.IOSDriver
Capabilities {automationName: XCUITest, browserName: , bundleId: com.axa.mydoctor, databaseEnabled: false, deviceName: iPhone 6s plus, javascriptEnabled: true, locationContextEnabled: false, networkConnectionEnabled: false, noReset: false, platform: MAC, platformName: iOS, platformVersion: 13.1.2, takesScreenshot: true, udid: 397ad5ca4c76b2e8fde361cbfef..., unicodeKeyboard: true, usePrebuiltWDA: true, webStorageEnabled: false}
Session ID: d88dc5ca-41f3-4c5b-8938-2afbd6f74f95
*** Element info: {Using=id, value=HeartRateReadingsHomeaboveBelowNormalLabel}
at sun.reflect.GeneratedConstructorAccessor38.newInstance(Unknown Source)
at sun.reflect.DelegatingConstructorAccessorImpl.newInstance(DelegatingConstructorAccessorImpl.java:45)
at java.lang.reflect.Constructor.newInstance(Constructor.java:423)
at org.openqa.selenium.remote.http.W3CHttpResponseCodec.createException(W3CHttpResponseCodec.java:187)
at org.openqa.selenium.remote.http.W3CHttpResponseCodec.decode(W3CHttpResponseCodec.java:122)
at org.openqa.selenium.remote.http.W3CHttpResponseCodec.decode(W3CHttpResponseCodec.java:49)
at org.openqa.selenium.remote.HttpCommandExecutor.execute(HttpCommandExecutor.java:158)
at io.appium.java_client.remote.AppiumCommandExecutor.execute(AppiumCommandExecutor.java:239)
at org.openqa.selenium.remote.RemoteWebDriver.execute(RemoteWebDriver.java:552)
at io.appium.java_client.DefaultGenericMobileDriver.execute(DefaultGenericMobileDriver.java:42)
at io.appium.java_client.AppiumDriver.execute(AppiumDriver.java:1)
at io.appium.java_client.ios.IOSDriver.execute(IOSDriver.java:1)
at org.openqa.selenium.remote.RemoteWebDriver.findElement(RemoteWebDriver.java:323)
at io.appium.java_client.DefaultGenericMobileDriver.findElement(DefaultGenericMobileDriver.java:62)
at io.appium.java_client.AppiumDriver.findElement(AppiumDriver.java:1)
at io.appium.java_client.ios.IOSDriver.findElement(IOSDriver.java:1)
at org.openqa.selenium.remote.RemoteWebDriver.findElementById(RemoteWebDriver.java:372)
at io.appium.java_client.DefaultGenericMobileDriver.findElementById(DefaultGenericMobileDriver.java:70)
at io.appium.java_client.AppiumDriver.findElementById(AppiumDriver.java:1)
at io.appium.java_client.ios.IOSDriver.findElementById(IOSDriver.java:1)
at org.openqa.selenium.By$ById.findElement(By.java:188)
at org.openqa.selenium.remote.RemoteWebDriver.findElement(RemoteWebDriver.java:315)
at io.appium.java_client.DefaultGenericMobileDriver.findElement(DefaultGenericMobileDriver.java:58)
at io.appium.java_client.AppiumDriver.findElement(AppiumDriver.java:1)
at io.appium.java_client.ios.IOSDriver.findElement(IOSDriver.java:1)
at io.appium.java_client.pagefactory.bys.ContentMappedBy.findElement(ContentMappedBy.java:50)
at org.openqa.selenium.remote.RemoteWebDriver.findElement(RemoteWebDriver.java:315)
at io.appium.java_client.DefaultGenericMobileDriver.findElement(DefaultGenericMobileDriver.java:58)
at io.appium.java_client.AppiumDriver.findElement(AppiumDriver.java:1)
at io.appium.java_client.ios.IOSDriver.findElement(IOSDriver.java:1)
at io.appium.java_client.pagefactory.AppiumElementLocator.lambda$0(AppiumElementLocator.java:120)
at io.appium.java_client.pagefactory.AppiumElementLocator$WaitingFunction.apply(AppiumElementLocator.java:172)
at io.appium.java_client.pagefactory.AppiumElementLocator$WaitingFunction.apply(AppiumElementLocator.java:1)
at org.openqa.selenium.support.ui.FluentWait.until(FluentWait.java:249)
... 34 more
]]>
    </error>
  </testcase> <!-- Add_Heart_Rate -->
  <testcase name="Add_Temperature" time="27.983" classname="englishArabic_TCs.ReadingsTCs"/>
  <testcase name="Add_Temperature" time="25.705" classname="englishArabic_TCs.ReadingsTCs"/>
  <testcase name="Add_Temperature" time="29.887" classname="englishArabic_TCs.ReadingsTCs"/>
  <testcase name="Add_Temperature" time="24.876" classname="englishArabic_TCs.ReadingsTCs"/>
  <testcase name="Add_Temperature" time="14.133" classname="englishArabic_TCs.ReadingsTCs">
    <error type="org.openqa.selenium.NoSuchElementException" message="Can&#039;t locate an element by this strategy: By.id: ReadingTypeAddManualReadingTableTextField">
      <![CDATA[org.openqa.selenium.NoSuchElementException: Can't locate an element by this strategy: By.id: ReadingTypeAddManualReadingTableTextField
at io.appium.java_client.pagefactory.AppiumElementLocator.findElement(AppiumElementLocator.java:126)
at io.appium.java_client.pagefactory.interceptors.InterceptorOfASingleElement.intercept(InterceptorOfASingleElement.java:59)
at io.appium.java_client.ios.IOSElement$$EnhancerByCGLIB$$d311658.click(<generated>)
at pages.PageBase.clickOn(PageBase.java:198)
at pages.AddNewReadingPage.Add_Temperature(AddNewReadingPage.java:399)
at englishArabic_TCs.ReadingsTCs.Add_Temperature(ReadingsTCs.java:247)
at sun.reflect.NativeMethodAccessorImpl.invoke0(Native Method)
at sun.reflect.NativeMethodAccessorImpl.invoke(NativeMethodAccessorImpl.java:62)
at sun.reflect.DelegatingMethodAccessorImpl.invoke(DelegatingMethodAccessorImpl.java:43)
at java.lang.reflect.Method.invoke(Method.java:498)
at org.testng.internal.MethodInvocationHelper.invokeMethod(MethodInvocationHelper.java:133)
at org.testng.internal.TestInvoker.invokeMethod(TestInvoker.java:584)
at org.testng.internal.TestInvoker.invokeTestMethod(TestInvoker.java:172)
at org.testng.internal.MethodRunner.runInSequence(MethodRunner.java:46)
at org.testng.internal.TestInvoker$MethodInvocationAgent.invoke(TestInvoker.java:804)
at org.testng.internal.TestInvoker.invokeTestMethods(TestInvoker.java:145)
at org.testng.internal.TestMethodWorker.invokeTestMethods(TestMethodWorker.java:146)
at org.testng.internal.TestMethodWorker.run(TestMethodWorker.java:128)
at java.util.ArrayList.forEach(ArrayList.java:1257)
at org.testng.TestRunner.privateRun(TestRunner.java:770)
at org.testng.TestRunner.run(TestRunner.java:591)
at org.testng.SuiteRunner.runTest(SuiteRunner.java:402)
at org.testng.SuiteRunner.runSequentially(SuiteRunner.java:396)
at org.testng.SuiteRunner.privateRun(SuiteRunner.java:355)
at org.testng.SuiteRunner.run(SuiteRunner.java:304)
at org.testng.SuiteRunnerWorker.runSuite(SuiteRunnerWorker.java:53)
at org.testng.SuiteRunnerWorker.run(SuiteRunnerWorker.java:96)
at org.testng.TestNG.runSuitesSequentially(TestNG.java:1180)
at org.testng.TestNG.runSuitesLocally(TestNG.java:1102)
at org.testng.TestNG.runSuites(TestNG.java:1032)
at org.testng.TestNG.run(TestNG.java:1000)
at org.testng.remote.AbstractRemoteTestNG.run(AbstractRemoteTestNG.java:115)
at org.testng.remote.RemoteTestNG.initAndRun(RemoteTestNG.java:251)
at org.testng.remote.RemoteTestNG.main(RemoteTestNG.java:77)
Caused by: org.openqa.selenium.TimeoutException: Expected condition failed: waiting for io.appium.java_client.pagefactory.AppiumElementLocator$WaitingFunction@16db70a0 (tried for 1 second(s) with 500 milliseconds interval)
at org.openqa.selenium.support.ui.FluentWait.timeoutException(FluentWait.java:304)
at org.openqa.selenium.support.ui.FluentWait.until(FluentWait.java:272)
at io.appium.java_client.pagefactory.AppiumElementLocator.waitFor(AppiumElementLocator.java:99)
at io.appium.java_client.pagefactory.AppiumElementLocator.findElement(AppiumElementLocator.java:119)
... 33 more
Caused by: org.openqa.selenium.NoSuchElementException: An element could not be located on the page using the given search parameters.
For documentation on this error, please visit: https://www.seleniumhq.org/exceptions/no_such_element.html
Build info: version: '3.141.59', revision: 'e82be7d358', time: '2018-11-14T08:17:03'
System info: host: 'TD247E-M011.local', ip: 'fe80:0:0:0:1c9f:209e:fae1:69f1%en0', os.name: 'Mac OS X', os.arch: 'x86_64', os.version: '10.14.6', java.version: '1.8.0_221'
Driver info: io.appium.java_client.ios.IOSDriver
Capabilities {automationName: XCUITest, browserName: , bundleId: com.axa.mydoctor, databaseEnabled: false, deviceName: iPhone 6s plus, javascriptEnabled: true, locationContextEnabled: false, networkConnectionEnabled: false, noReset: false, platform: MAC, platformName: iOS, platformVersion: 13.1.2, takesScreenshot: true, udid: 397ad5ca4c76b2e8fde361cbfef..., unicodeKeyboard: true, usePrebuiltWDA: true, webStorageEnabled: false}
Session ID: d88dc5ca-41f3-4c5b-8938-2afbd6f74f95
*** Element info: {Using=id, value=ReadingTypeAddManualReadingTableTextField}
at sun.reflect.GeneratedConstructorAccessor38.newInstance(Unknown Source)
at sun.reflect.DelegatingConstructorAccessorImpl.newInstance(DelegatingConstructorAccessorImpl.java:45)
at java.lang.reflect.Constructor.newInstance(Constructor.java:423)
at org.openqa.selenium.remote.http.W3CHttpResponseCodec.createException(W3CHttpResponseCodec.java:187)
at org.openqa.selenium.remote.http.W3CHttpResponseCodec.decode(W3CHttpResponseCodec.java:122)
at org.openqa.selenium.remote.http.W3CHttpResponseCodec.decode(W3CHttpResponseCodec.java:49)
at org.openqa.selenium.remote.HttpCommandExecutor.execute(HttpCommandExecutor.java:158)
at io.appium.java_client.remote.AppiumCommandExecutor.execute(AppiumCommandExecutor.java:239)
at org.openqa.selenium.remote.RemoteWebDriver.execute(RemoteWebDriver.java:552)
at io.appium.java_client.DefaultGenericMobileDriver.execute(DefaultGenericMobileDriver.java:42)
at io.appium.java_client.AppiumDriver.execute(AppiumDriver.java:1)
at io.appium.java_client.ios.IOSDriver.execute(IOSDriver.java:1)
at org.openqa.selenium.remote.RemoteWebDriver.findElement(RemoteWebDriver.java:323)
at io.appium.java_client.DefaultGenericMobileDriver.findElement(DefaultGenericMobileDriver.java:62)
at io.appium.java_client.AppiumDriver.findElement(AppiumDriver.java:1)
at io.appium.java_client.ios.IOSDriver.findElement(IOSDriver.java:1)
at org.openqa.selenium.remote.RemoteWebDriver.findElementById(RemoteWebDriver.java:372)
at io.appium.java_client.DefaultGenericMobileDriver.findElementById(DefaultGenericMobileDriver.java:70)
at io.appium.java_client.AppiumDriver.findElementById(AppiumDriver.java:1)
at io.appium.java_client.ios.IOSDriver.findElementById(IOSDriver.java:1)
at org.openqa.selenium.By$ById.findElement(By.java:188)
at org.openqa.selenium.remote.RemoteWebDriver.findElement(RemoteWebDriver.java:315)
at io.appium.java_client.DefaultGenericMobileDriver.findElement(DefaultGenericMobileDriver.java:58)
at io.appium.java_client.AppiumDriver.findElement(AppiumDriver.java:1)
at io.appium.java_client.ios.IOSDriver.findElement(IOSDriver.java:1)
at io.appium.java_client.pagefactory.bys.ContentMappedBy.findElement(ContentMappedBy.java:50)
at org.openqa.selenium.remote.RemoteWebDriver.findElement(RemoteWebDriver.java:315)
at io.appium.java_client.DefaultGenericMobileDriver.findElement(DefaultGenericMobileDriver.java:58)
at io.appium.java_client.AppiumDriver.findElement(AppiumDriver.java:1)
at io.appium.java_client.ios.IOSDriver.findElement(IOSDriver.java:1)
at io.appium.java_client.pagefactory.AppiumElementLocator.lambda$0(AppiumElementLocator.java:120)
at io.appium.java_client.pagefactory.AppiumElementLocator$WaitingFunction.apply(AppiumElementLocator.java:172)
at io.appium.java_client.pagefactory.AppiumElementLocator$WaitingFunction.apply(AppiumElementLocator.java:1)
at org.openqa.selenium.support.ui.FluentWait.until(FluentWait.java:249)
... 35 more
]]>
    </error>
  </testcase> <!-- Add_Temperature -->
  <testcase name="Add_Temperature" time="32.621" classname="englishArabic_TCs.ReadingsTCs"/>
  <testcase name="Add_Temperature" time="27.577" classname="englishArabic_TCs.ReadingsTCs"/>
  <testcase name="Add_Temperature" time="28.821" classname="englishArabic_TCs.ReadingsTCs"/>
  <testcase name="Add_Temperature" time="29.457" classname="englishArabic_TCs.ReadingsTCs"/>
  <testcase name="Add_Temperature" time="27.688" classname="englishArabic_TCs.ReadingsTCs"/>
  <testcase name="Add_Temperature" time="26.739" classname="englishArabic_TCs.ReadingsTCs"/>
  <testcase name="Add_Temperature" time="28.086" classname="englishArabic_TCs.ReadingsTCs"/>
  <testcase name="Add_Temperature" time="28.823" classname="englishArabic_TCs.ReadingsTCs"/>
  <testcase name="Add_Temperature" time="27.324" classname="englishArabic_TCs.ReadingsTCs"/>
  <testcase name="Add_Temperature" time="26.694" classname="englishArabic_TCs.ReadingsTCs"/>
  <testcase name="Add_Respiration_Rate" time="22.518" classname="englishArabic_TCs.ReadingsTCs"/>
  <testcase name="Add_Respiration_Rate" time="23.288" classname="englishArabic_TCs.ReadingsTCs"/>
  <testcase name="Add_Respiration_Rate" time="24.573" classname="englishArabic_TCs.ReadingsTCs"/>
  <testcase name="Add_Respiration_Rate" time="24.906" classname="englishArabic_TCs.ReadingsTCs"/>
  <testcase name="Add_Respiration_Rate" time="24.669" classname="englishArabic_TCs.ReadingsTCs"/>
  <testcase name="Add_Respiration_Rate" time="20.949" classname="englishArabic_TCs.ReadingsTCs"/>
  <testcase name="Add_Respiration_Rate" time="20.951" classname="englishArabic_TCs.ReadingsTCs"/>
  <testcase name="Add_Respiration_Rate" time="20.840" classname="englishArabic_TCs.ReadingsTCs"/>
  <testcase name="Add_Respiration_Rate" time="23.533" classname="englishArabic_TCs.ReadingsTCs"/>
  <testcase name="Add_Respiration_Rate" time="20.602" classname="englishArabic_TCs.ReadingsTCs"/>
  <testcase name="Add_Respiration_Rate" time="25.222" classname="englishArabic_TCs.ReadingsTCs"/>
  <testcase name="Add_Respiration_Rate" time="23.393" classname="englishArabic_TCs.ReadingsTCs"/>
  <testcase name="Add_Respiration_Rate" time="21.256" classname="englishArabic_TCs.ReadingsTCs"/>
  <testcase name="Add_Respiration_Rate" time="23.617" classname="englishArabic_TCs.ReadingsTCs"/>
  <testcase name="Add_Respiration_Rate" time="23.354" classname="englishArabic_TCs.ReadingsTCs"/>
  <testcase name="Add_Respiration_Rate" time="23.198" classname="englishArabic_TCs.ReadingsTCs"/>
  <testcase name="Add_BMI" time="30.978" classname="englishArabic_TCs.ReadingsTCs"/>
  <testcase name="Add_BMI" time="29.275" classname="englishArabic_TCs.ReadingsTCs"/>
  <testcase name="Add_BMI" time="32.786" classname="englishArabic_TCs.ReadingsTCs"/>
  <testcase name="Add_BMI" time="36.121" classname="englishArabic_TCs.ReadingsTCs"/>
  <testcase name="Add_BMI" time="33.916" classname="englishArabic_TCs.ReadingsTCs"/>
  <testcase name="Add_BMI" time="38.138" classname="englishArabic_TCs.ReadingsTCs"/>
  <testcase name="Add_BMI" time="29.135" classname="englishArabic_TCs.ReadingsTCs"/>
  <testcase name="Add_Bones_Mass" time="26.087" classname="englishArabic_TCs.ReadingsTCs"/>
  <testcase name="Add_Bones_Mass" time="31.135" classname="englishArabic_TCs.ReadingsTCs"/>
  <testcase name="Add_Bones_Mass" time="22.595" classname="englishArabic_TCs.ReadingsTCs"/>
  <testcase name="Add_Bones_Mass" time="22.294" classname="englishArabic_TCs.ReadingsTCs"/>
  <testcase name="Add_Muscle_Mass" time="24.117" classname="englishArabic_TCs.ReadingsTCs"/>
  <testcase name="Add_Muscle_Mass" time="28.063" classname="englishArabic_TCs.ReadingsTCs"/>
  <testcase name="Add_Muscle_Mass" time="27.247" classname="englishArabic_TCs.ReadingsTCs"/>
  <testcase name="Add_Muscle_Mass" time="32.043" classname="englishArabic_TCs.ReadingsTCs"/>
  <testcase name="Add_Muscle_Mass" time="27.151" classname="englishArabic_TCs.ReadingsTCs"/>
  <testcase name="Add_Muscle_Mass" time="27.397" classname="englishArabic_TCs.ReadingsTCs"/>
  <testcase name="Add_Muscle_Mass" time="27.064" classname="englishArabic_TCs.ReadingsTCs"/>
  <testcase name="Add_Muscle_Mass" time="26.891" classname="englishArabic_TCs.ReadingsTCs"/>
  <testcase name="Add_body_Fat" time="32.095" classname="englishArabic_TCs.ReadingsTCs"/>
  <testcase name="Add_body_Fat" time="24.505" classname="englishArabic_TCs.ReadingsTCs"/>
  <testcase name="Add_body_Fat" time="27.280" classname="englishArabic_TCs.ReadingsTCs"/>
  <testcase name="Add_body_Fat" time="27.219" classname="englishArabic_TCs.ReadingsTCs"/>
  <testcase name="Add_body_Fat" time="27.272" classname="englishArabic_TCs.ReadingsTCs"/>
  <testcase name="Add_body_Fat" time="27.488" classname="englishArabic_TCs.ReadingsTCs"/>
  <testcase name="Add_body_Fat" time="26.800" classname="englishArabic_TCs.ReadingsTCs"/>
  <testcase name="Add_body_Fat" time="29.859" classname="englishArabic_TCs.ReadingsTCs"/>
  <testcase name="Add_body_Water" time="28.145" classname="englishArabic_TCs.ReadingsTCs"/>
  <testcase name="Add_body_Water" time="27.315" classname="englishArabic_TCs.ReadingsTCs"/>
  <testcase name="Add_body_Water" time="27.623" classname="englishArabic_TCs.ReadingsTCs"/>
  <testcase name="Add_body_Water" time="24.554" classname="englishArabic_TCs.ReadingsTCs"/>
  <testcase name="Add_body_Water" time="26.794" classname="englishArabic_TCs.ReadingsTCs"/>
  <testcase name="Add_body_Water" time="27.373" classname="englishArabic_TCs.ReadingsTCs"/>
  <testcase name="Add_Fasceral_Fat" time="20.800" classname="englishArabic_TCs.ReadingsTCs"/>
  <testcase name="Add_Fasceral_Fat" time="20.704" classname="englishArabic_TCs.ReadingsTCs"/>
</testsuite> <!-- englishArabic_TCs.ReadingsTCs -->
